2022-04-19 13:25:23,063 [INFO] app: Before Request
2022-04-19 13:25:23,242 [INFO] app: After Request
2022-04-19 13:25:23,273 [INFO] app: Before Request
2022-04-19 13:25:23,446 [INFO] app: After Request
2022-04-19 13:25:23,478 [INFO] app: Before Request
2022-04-19 13:25:23,652 [INFO] app: After Request
2022-04-19 13:25:23,684 [INFO] app: Before Request
2022-04-19 13:25:23,855 [INFO] app: After Request
2022-04-19 13:25:23,885 [INFO] app: Before Request
2022-04-19 13:25:24,066 [INFO] app: After Request
2022-04-19 13:25:24,097 [INFO] app: Before Request
2022-04-19 13:25:24,263 [INFO] app: After Request
2022-04-19 13:25:24,292 [INFO] app: Before Request
2022-04-19 13:25:24,489 [INFO] app: After Request
2022-04-19 13:25:24,517 [INFO] app: Before Request
2022-04-19 13:25:24,683 [INFO] app: After Request
2022-04-19 13:27:34,159 [INFO] app: Before Request
2022-04-19 13:27:34,333 [INFO] app: After Request
2022-04-19 13:27:34,712 [INFO] app: Before Request
2022-04-19 13:27:34,714 [INFO] app: After Request
2022-04-19 13:27:34,716 [INFO] app: Before Request
2022-04-19 13:27:34,885 [INFO] app: After Request
2022-04-19 13:27:34,888 [INFO] app: Before Request
2022-04-19 13:27:34,903 [INFO] app: After Request
2022-04-19 13:27:35,180 [INFO] app: Before Request
2022-04-19 13:27:35,351 [INFO] app: After Request
2022-04-19 13:27:35,381 [INFO] app: Before Request
2022-04-19 13:27:35,551 [INFO] app: After Request
2022-04-19 13:27:35,580 [INFO] app: Before Request
2022-04-19 13:27:35,752 [INFO] app: After Request
2022-04-19 13:27:35,782 [INFO] app: Before Request
2022-04-19 13:27:35,953 [INFO] app: After Request
2022-04-19 13:27:35,981 [INFO] app: Before Request
2022-04-19 13:27:36,151 [INFO] app: After Request
2022-04-19 13:27:36,182 [INFO] app: Before Request
2022-04-19 13:27:36,351 [INFO] app: After Request
2022-04-19 13:27:36,380 [INFO] app: Before Request
2022-04-19 13:27:36,556 [INFO] app: After Request
2022-04-19 13:27:36,585 [INFO] app: Before Request
2022-04-19 13:27:36,754 [INFO] app: After Request
2022-04-19 13:37:32,279 [INFO] app: Before Request
2022-04-19 13:37:32,898 [INFO] app: Before Request
2022-04-19 13:37:32,899 [INFO] app: After Request
2022-04-19 13:37:32,902 [INFO] app: Before Request
2022-04-19 13:37:33,068 [INFO] app: After Request
2022-04-19 13:37:33,070 [INFO] app: Before Request
2022-04-19 13:37:33,084 [INFO] app: After Request
2022-04-19 13:37:33,190 [INFO] app: Before Request
2022-04-19 13:37:33,699 [INFO] app: Before Request
2022-04-19 13:37:34,216 [INFO] app: Before Request
2022-04-19 13:37:34,687 [INFO] app: Before Request
2022-04-19 13:37:35,210 [INFO] app: Before Request
2022-04-19 13:37:35,690 [INFO] app: Before Request
2022-04-19 13:37:35,873 [INFO] app: After Request
2022-04-19 13:37:35,901 [INFO] app: Before Request
2022-04-19 13:37:36,092 [INFO] app: After Request
2022-04-19 13:37:36,118 [INFO] app: Before Request
2022-04-19 13:37:36,290 [INFO] app: After Request
2022-04-19 13:41:24,575 [INFO] app: Before Request
2022-04-19 13:41:25,551 [INFO] app: Before Request
2022-04-19 13:41:25,553 [INFO] app: After Request
2022-04-19 13:41:25,556 [INFO] app: Before Request
2022-04-19 13:41:25,728 [INFO] app: After Request
2022-04-19 13:41:25,730 [INFO] app: Before Request
2022-04-19 13:41:25,749 [INFO] app: After Request
2022-04-19 13:41:25,864 [INFO] app: Before Request
2022-04-19 13:41:26,394 [INFO] app: Before Request
2022-04-19 13:41:26,891 [INFO] app: Before Request
2022-04-19 13:41:27,414 [INFO] app: Before Request
2022-04-19 13:41:27,945 [INFO] app: Before Request
2022-04-19 13:41:28,436 [INFO] app: Before Request
2022-04-19 13:41:28,603 [INFO] app: After Request
2022-04-19 13:41:28,636 [INFO] app: Before Request
2022-04-19 13:41:28,808 [INFO] app: After Request
2022-04-19 13:41:28,840 [INFO] app: Before Request
2022-04-19 13:41:29,007 [INFO] app: After Request
2022-04-19 14:41:32,586 [INFO] app: Before Request
2022-04-19 14:45:00,780 [INFO] app: Before Request
2022-04-19 14:49:02,564 [INFO] app: Before Request
2022-04-19 14:49:05,880 [INFO] app: Before Request
2022-04-19 14:51:32,795 [INFO] app: Before Request
2022-04-19 14:51:32,817 [INFO] app: After Request
2022-04-19 14:51:33,230 [INFO] app: Before Request
2022-04-19 14:52:04,442 [INFO] app: Before Request
2022-04-19 14:52:04,457 [INFO] app: After Request
2022-04-19 14:52:23,698 [INFO] app: Before Request
2022-04-19 14:52:23,716 [INFO] app: After Request
2022-04-19 14:52:24,962 [INFO] app: Before Request
2022-04-19 14:52:24,968 [INFO] app: After Request
2022-04-19 14:52:56,666 [INFO] app: Before Request
2022-04-19 14:52:56,686 [INFO] app: After Request
2022-04-19 14:53:02,170 [INFO] app: Before Request
2022-04-19 14:53:02,187 [INFO] app: After Request
2022-04-19 14:53:04,306 [INFO] app: Before Request
2022-04-19 14:53:04,325 [INFO] app: After Request
2022-04-19 14:56:46,637 [INFO] app: Before Request
2022-04-19 14:56:46,803 [INFO] app: After Request
2022-04-19 14:56:46,906 [INFO] app: Before Request
2022-04-19 14:56:46,907 [INFO] app: After Request
2022-04-19 14:56:46,910 [INFO] app: Before Request
2022-04-19 14:56:47,080 [INFO] app: After Request
2022-04-19 14:56:47,082 [INFO] app: Before Request
2022-04-19 14:56:47,097 [INFO] app: After Request
2022-04-19 14:56:47,609 [INFO] app: Before Request
2022-04-19 14:56:47,768 [INFO] app: After Request
2022-04-19 14:56:47,882 [INFO] app: Before Request
2022-04-19 14:56:48,047 [INFO] app: After Request
2022-04-19 14:56:48,158 [INFO] app: Before Request
2022-04-19 14:56:48,323 [INFO] app: After Request
2022-04-19 14:56:48,451 [INFO] app: Before Request
2022-04-19 14:56:48,618 [INFO] app: After Request
2022-04-19 14:56:48,722 [INFO] app: Before Request
2022-04-19 14:56:48,920 [INFO] app: After Request
2022-04-19 14:56:49,022 [INFO] app: Before Request
2022-04-19 14:56:49,186 [INFO] app: After Request
2022-04-19 14:56:49,305 [INFO] app: Before Request
2022-04-19 14:56:49,471 [INFO] app: After Request
2022-04-19 14:56:49,607 [INFO] app: Before Request
2022-04-19 14:56:49,793 [INFO] app: After Request
2022-04-19 14:56:49,908 [DEBUG] faker.factory: Looking for locale `en_US` in provider `faker.providers.address`.
2022-04-19 14:56:49,910 [DEBUG] faker.factory: Provider `faker.providers.address` has been localized to `en_US`.
2022-04-19 14:56:49,911 [DEBUG] faker.factory: Looking for locale `en_US` in provider `faker.providers.automotive`.
2022-04-19 14:56:49,912 [DEBUG] faker.factory: Provider `faker.providers.automotive` has been localized to `en_US`.
2022-04-19 14:56:49,913 [DEBUG] faker.factory: Looking for locale `en_US` in provider `faker.providers.bank`.
2022-04-19 14:56:49,914 [DEBUG] faker.factory: Specified locale `en_US` is not available for provider `faker.providers.bank`. Locale reset to `en_GB` for this provider.
2022-04-19 14:56:49,915 [DEBUG] faker.factory: Looking for locale `en_US` in provider `faker.providers.barcode`.
2022-04-19 14:56:49,915 [DEBUG] faker.factory: Provider `faker.providers.barcode` has been localized to `en_US`.
2022-04-19 14:56:49,916 [DEBUG] faker.factory: Looking for locale `en_US` in provider `faker.providers.color`.
2022-04-19 14:56:49,917 [DEBUG] faker.factory: Provider `faker.providers.color` has been localized to `en_US`.
2022-04-19 14:56:49,918 [DEBUG] faker.factory: Looking for locale `en_US` in provider `faker.providers.company`.
2022-04-19 14:56:49,919 [DEBUG] faker.factory: Provider `faker.providers.company` has been localized to `en_US`.
2022-04-19 14:56:49,920 [DEBUG] faker.factory: Looking for locale `en_US` in provider `faker.providers.credit_card`.
2022-04-19 14:56:49,921 [DEBUG] faker.factory: Provider `faker.providers.credit_card` has been localized to `en_US`.
2022-04-19 14:56:49,921 [DEBUG] faker.factory: Looking for locale `en_US` in provider `faker.providers.currency`.
2022-04-19 14:56:49,923 [DEBUG] faker.factory: Provider `faker.providers.currency` has been localized to `en_US`.
2022-04-19 14:56:49,923 [DEBUG] faker.factory: Looking for locale `en_US` in provider `faker.providers.date_time`.
2022-04-19 14:56:49,925 [DEBUG] faker.factory: Provider `faker.providers.date_time` has been localized to `en_US`.
2022-04-19 14:56:49,926 [DEBUG] faker.factory: Provider `faker.providers.file` does not feature localization. Specified locale `en_US` is not utilized for this provider.
2022-04-19 14:56:49,926 [DEBUG] faker.factory: Looking for locale `en_US` in provider `faker.providers.geo`.
2022-04-19 14:56:49,927 [DEBUG] faker.factory: Provider `faker.providers.geo` has been localized to `en_US`.
2022-04-19 14:56:49,928 [DEBUG] faker.factory: Looking for locale `en_US` in provider `faker.providers.internet`.
2022-04-19 14:56:49,930 [DEBUG] faker.factory: Provider `faker.providers.internet` has been localized to `en_US`.
2022-04-19 14:56:49,930 [DEBUG] faker.factory: Provider `faker.providers.isbn` does not feature localization. Specified locale `en_US` is not utilized for this provider.
2022-04-19 14:56:49,931 [DEBUG] faker.factory: Looking for locale `en_US` in provider `faker.providers.job`.
2022-04-19 14:56:49,932 [DEBUG] faker.factory: Provider `faker.providers.job` has been localized to `en_US`.
2022-04-19 14:56:49,933 [DEBUG] faker.factory: Looking for locale `en_US` in provider `faker.providers.lorem`.
2022-04-19 14:56:49,934 [DEBUG] faker.factory: Provider `faker.providers.lorem` has been localized to `en_US`.
2022-04-19 14:56:49,935 [DEBUG] faker.factory: Looking for locale `en_US` in provider `faker.providers.misc`.
2022-04-19 14:56:49,936 [DEBUG] faker.factory: Provider `faker.providers.misc` has been localized to `en_US`.
2022-04-19 14:56:49,936 [DEBUG] faker.factory: Looking for locale `en_US` in provider `faker.providers.person`.
2022-04-19 14:56:49,939 [DEBUG] faker.factory: Provider `faker.providers.person` has been localized to `en_US`.
2022-04-19 14:56:49,939 [DEBUG] faker.factory: Looking for locale `en_US` in provider `faker.providers.phone_number`.
2022-04-19 14:56:49,942 [DEBUG] faker.factory: Provider `faker.providers.phone_number` has been localized to `en_US`.
2022-04-19 14:56:49,942 [DEBUG] faker.factory: Provider `faker.providers.profile` does not feature localization. Specified locale `en_US` is not utilized for this provider.
2022-04-19 14:56:49,943 [DEBUG] faker.factory: Provider `faker.providers.python` does not feature localization. Specified locale `en_US` is not utilized for this provider.
2022-04-19 14:56:49,943 [DEBUG] faker.factory: Looking for locale `en_US` in provider `faker.providers.ssn`.
2022-04-19 14:56:49,946 [DEBUG] faker.factory: Provider `faker.providers.ssn` has been localized to `en_US`.
2022-04-19 14:56:49,946 [DEBUG] faker.factory: Provider `faker.providers.user_agent` does not feature localization. Specified locale `en_US` is not utilized for this provider.
2022-04-19 14:57:12,797 [INFO] app: Before Request
2022-04-19 14:57:12,969 [INFO] app: After Request
2022-04-19 14:57:13,082 [INFO] app: Before Request
2022-04-19 14:57:13,084 [INFO] app: After Request
2022-04-19 14:57:13,086 [INFO] app: Before Request
2022-04-19 14:57:13,272 [INFO] app: After Request
2022-04-19 14:57:13,274 [INFO] app: Before Request
2022-04-19 14:57:13,287 [INFO] app: After Request
2022-04-19 14:57:13,655 [INFO] app: Before Request
2022-04-19 14:57:13,828 [INFO] app: After Request
2022-04-19 14:57:13,932 [INFO] app: Before Request
2022-04-19 14:57:14,098 [INFO] app: After Request
2022-04-19 14:57:14,199 [INFO] app: Before Request
2022-04-19 14:57:14,368 [INFO] app: After Request
2022-04-19 14:57:14,475 [INFO] app: Before Request
2022-04-19 14:57:14,635 [INFO] app: After Request
2022-04-19 14:57:14,751 [INFO] app: Before Request
2022-04-19 14:57:14,920 [INFO] app: After Request
2022-04-19 14:57:15,052 [INFO] app: Before Request
2022-04-19 14:57:15,216 [INFO] app: After Request
2022-04-19 14:57:15,331 [INFO] app: Before Request
2022-04-19 14:57:15,493 [INFO] app: After Request
2022-04-19 14:57:15,600 [INFO] app: Before Request
2022-04-19 14:57:15,762 [INFO] app: After Request
2022-04-19 14:57:15,880 [DEBUG] faker.factory: Looking for locale `en_US` in provider `faker.providers.address`.
2022-04-19 14:57:15,882 [DEBUG] faker.factory: Provider `faker.providers.address` has been localized to `en_US`.
2022-04-19 14:57:15,883 [DEBUG] faker.factory: Looking for locale `en_US` in provider `faker.providers.automotive`.
2022-04-19 14:57:15,884 [DEBUG] faker.factory: Provider `faker.providers.automotive` has been localized to `en_US`.
2022-04-19 14:57:15,885 [DEBUG] faker.factory: Looking for locale `en_US` in provider `faker.providers.bank`.
2022-04-19 14:57:15,886 [DEBUG] faker.factory: Specified locale `en_US` is not available for provider `faker.providers.bank`. Locale reset to `en_GB` for this provider.
2022-04-19 14:57:15,887 [DEBUG] faker.factory: Looking for locale `en_US` in provider `faker.providers.barcode`.
2022-04-19 14:57:15,887 [DEBUG] faker.factory: Provider `faker.providers.barcode` has been localized to `en_US`.
2022-04-19 14:57:15,888 [DEBUG] faker.factory: Looking for locale `en_US` in provider `faker.providers.color`.
2022-04-19 14:57:15,889 [DEBUG] faker.factory: Provider `faker.providers.color` has been localized to `en_US`.
2022-04-19 14:57:15,890 [DEBUG] faker.factory: Looking for locale `en_US` in provider `faker.providers.company`.
2022-04-19 14:57:15,891 [DEBUG] faker.factory: Provider `faker.providers.company` has been localized to `en_US`.
2022-04-19 14:57:15,892 [DEBUG] faker.factory: Looking for locale `en_US` in provider `faker.providers.credit_card`.
2022-04-19 14:57:15,893 [DEBUG] faker.factory: Provider `faker.providers.credit_card` has been localized to `en_US`.
2022-04-19 14:57:15,893 [DEBUG] faker.factory: Looking for locale `en_US` in provider `faker.providers.currency`.
2022-04-19 14:57:15,894 [DEBUG] faker.factory: Provider `faker.providers.currency` has been localized to `en_US`.
2022-04-19 14:57:15,895 [DEBUG] faker.factory: Looking for locale `en_US` in provider `faker.providers.date_time`.
2022-04-19 14:57:15,897 [DEBUG] faker.factory: Provider `faker.providers.date_time` has been localized to `en_US`.
2022-04-19 14:57:15,897 [DEBUG] faker.factory: Provider `faker.providers.file` does not feature localization. Specified locale `en_US` is not utilized for this provider.
2022-04-19 14:57:15,898 [DEBUG] faker.factory: Looking for locale `en_US` in provider `faker.providers.geo`.
2022-04-19 14:57:15,898 [DEBUG] faker.factory: Provider `faker.providers.geo` has been localized to `en_US`.
2022-04-19 14:57:15,899 [DEBUG] faker.factory: Looking for locale `en_US` in provider `faker.providers.internet`.
2022-04-19 14:57:15,901 [DEBUG] faker.factory: Provider `faker.providers.internet` has been localized to `en_US`.
2022-04-19 14:57:15,902 [DEBUG] faker.factory: Provider `faker.providers.isbn` does not feature localization. Specified locale `en_US` is not utilized for this provider.
2022-04-19 14:57:15,902 [DEBUG] faker.factory: Looking for locale `en_US` in provider `faker.providers.job`.
2022-04-19 14:57:15,904 [DEBUG] faker.factory: Provider `faker.providers.job` has been localized to `en_US`.
2022-04-19 14:57:15,904 [DEBUG] faker.factory: Looking for locale `en_US` in provider `faker.providers.lorem`.
2022-04-19 14:57:15,905 [DEBUG] faker.factory: Provider `faker.providers.lorem` has been localized to `en_US`.
2022-04-19 14:57:15,906 [DEBUG] faker.factory: Looking for locale `en_US` in provider `faker.providers.misc`.
2022-04-19 14:57:15,907 [DEBUG] faker.factory: Provider `faker.providers.misc` has been localized to `en_US`.
2022-04-19 14:57:15,907 [DEBUG] faker.factory: Looking for locale `en_US` in provider `faker.providers.person`.
2022-04-19 14:57:15,909 [DEBUG] faker.factory: Provider `faker.providers.person` has been localized to `en_US`.
2022-04-19 14:57:15,910 [DEBUG] faker.factory: Looking for locale `en_US` in provider `faker.providers.phone_number`.
2022-04-19 14:57:15,912 [DEBUG] faker.factory: Provider `faker.providers.phone_number` has been localized to `en_US`.
2022-04-19 14:57:15,913 [DEBUG] faker.factory: Provider `faker.providers.profile` does not feature localization. Specified locale `en_US` is not utilized for this provider.
2022-04-19 14:57:15,913 [DEBUG] faker.factory: Provider `faker.providers.python` does not feature localization. Specified locale `en_US` is not utilized for this provider.
2022-04-19 14:57:15,914 [DEBUG] faker.factory: Looking for locale `en_US` in provider `faker.providers.ssn`.
2022-04-19 14:57:15,916 [DEBUG] faker.factory: Provider `faker.providers.ssn` has been localized to `en_US`.
2022-04-19 14:57:15,917 [DEBUG] faker.factory: Provider `faker.providers.user_agent` does not feature localization. Specified locale `en_US` is not utilized for this provider.
2022-04-19 14:57:36,315 [INFO] app: Before Request
2022-04-19 14:57:36,491 [INFO] app: After Request
2022-04-19 14:57:36,596 [INFO] app: Before Request
2022-04-19 14:57:36,597 [INFO] app: After Request
2022-04-19 14:57:36,599 [INFO] app: Before Request
2022-04-19 14:57:36,765 [INFO] app: After Request
2022-04-19 14:57:36,768 [INFO] app: Before Request
2022-04-19 14:57:36,784 [INFO] app: After Request
2022-04-19 14:57:37,154 [INFO] app: Before Request
2022-04-19 14:57:37,335 [INFO] app: After Request
2022-04-19 14:57:37,435 [INFO] app: Before Request
2022-04-19 14:57:37,597 [INFO] app: After Request
2022-04-19 14:57:37,696 [INFO] app: Before Request
2022-04-19 14:57:37,860 [INFO] app: After Request
2022-04-19 14:57:37,965 [INFO] app: Before Request
2022-04-19 14:57:38,127 [INFO] app: After Request
2022-04-19 14:57:38,240 [INFO] app: Before Request
2022-04-19 14:57:38,404 [INFO] app: After Request
2022-04-19 14:57:38,517 [INFO] app: Before Request
2022-04-19 14:57:38,682 [INFO] app: After Request
2022-04-19 14:57:38,800 [INFO] app: Before Request
2022-04-19 14:57:38,957 [INFO] app: After Request
2022-04-19 14:57:39,068 [INFO] app: Before Request
2022-04-19 14:57:39,230 [INFO] app: After Request
2022-04-19 14:57:39,332 [DEBUG] faker.factory: Looking for locale `en_US` in provider `faker.providers.address`.
2022-04-19 14:57:39,334 [DEBUG] faker.factory: Provider `faker.providers.address` has been localized to `en_US`.
2022-04-19 14:57:39,335 [DEBUG] faker.factory: Looking for locale `en_US` in provider `faker.providers.automotive`.
2022-04-19 14:57:39,336 [DEBUG] faker.factory: Provider `faker.providers.automotive` has been localized to `en_US`.
2022-04-19 14:57:39,337 [DEBUG] faker.factory: Looking for locale `en_US` in provider `faker.providers.bank`.
2022-04-19 14:57:39,338 [DEBUG] faker.factory: Specified locale `en_US` is not available for provider `faker.providers.bank`. Locale reset to `en_GB` for this provider.
2022-04-19 14:57:39,339 [DEBUG] faker.factory: Looking for locale `en_US` in provider `faker.providers.barcode`.
2022-04-19 14:57:39,339 [DEBUG] faker.factory: Provider `faker.providers.barcode` has been localized to `en_US`.
2022-04-19 14:57:39,340 [DEBUG] faker.factory: Looking for locale `en_US` in provider `faker.providers.color`.
2022-04-19 14:57:39,341 [DEBUG] faker.factory: Provider `faker.providers.color` has been localized to `en_US`.
2022-04-19 14:57:39,342 [DEBUG] faker.factory: Looking for locale `en_US` in provider `faker.providers.company`.
2022-04-19 14:57:39,343 [DEBUG] faker.factory: Provider `faker.providers.company` has been localized to `en_US`.
2022-04-19 14:57:39,344 [DEBUG] faker.factory: Looking for locale `en_US` in provider `faker.providers.credit_card`.
2022-04-19 14:57:39,345 [DEBUG] faker.factory: Provider `faker.providers.credit_card` has been localized to `en_US`.
2022-04-19 14:57:39,345 [DEBUG] faker.factory: Looking for locale `en_US` in provider `faker.providers.currency`.
2022-04-19 14:57:39,346 [DEBUG] faker.factory: Provider `faker.providers.currency` has been localized to `en_US`.
2022-04-19 14:57:39,347 [DEBUG] faker.factory: Looking for locale `en_US` in provider `faker.providers.date_time`.
2022-04-19 14:57:39,348 [DEBUG] faker.factory: Provider `faker.providers.date_time` has been localized to `en_US`.
2022-04-19 14:57:39,349 [DEBUG] faker.factory: Provider `faker.providers.file` does not feature localization. Specified locale `en_US` is not utilized for this provider.
2022-04-19 14:57:39,349 [DEBUG] faker.factory: Looking for locale `en_US` in provider `faker.providers.geo`.
2022-04-19 14:57:39,350 [DEBUG] faker.factory: Provider `faker.providers.geo` has been localized to `en_US`.
2022-04-19 14:57:39,351 [DEBUG] faker.factory: Looking for locale `en_US` in provider `faker.providers.internet`.
2022-04-19 14:57:39,353 [DEBUG] faker.factory: Provider `faker.providers.internet` has been localized to `en_US`.
2022-04-19 14:57:39,353 [DEBUG] faker.factory: Provider `faker.providers.isbn` does not feature localization. Specified locale `en_US` is not utilized for this provider.
2022-04-19 14:57:39,354 [DEBUG] faker.factory: Looking for locale `en_US` in provider `faker.providers.job`.
2022-04-19 14:57:39,355 [DEBUG] faker.factory: Provider `faker.providers.job` has been localized to `en_US`.
2022-04-19 14:57:39,356 [DEBUG] faker.factory: Looking for locale `en_US` in provider `faker.providers.lorem`.
2022-04-19 14:57:39,357 [DEBUG] faker.factory: Provider `faker.providers.lorem` has been localized to `en_US`.
2022-04-19 14:57:39,358 [DEBUG] faker.factory: Looking for locale `en_US` in provider `faker.providers.misc`.
2022-04-19 14:57:39,358 [DEBUG] faker.factory: Provider `faker.providers.misc` has been localized to `en_US`.
2022-04-19 14:57:39,359 [DEBUG] faker.factory: Looking for locale `en_US` in provider `faker.providers.person`.
2022-04-19 14:57:39,361 [DEBUG] faker.factory: Provider `faker.providers.person` has been localized to `en_US`.
2022-04-19 14:57:39,362 [DEBUG] faker.factory: Looking for locale `en_US` in provider `faker.providers.phone_number`.
2022-04-19 14:57:39,364 [DEBUG] faker.factory: Provider `faker.providers.phone_number` has been localized to `en_US`.
2022-04-19 14:57:39,365 [DEBUG] faker.factory: Provider `faker.providers.profile` does not feature localization. Specified locale `en_US` is not utilized for this provider.
2022-04-19 14:57:39,365 [DEBUG] faker.factory: Provider `faker.providers.python` does not feature localization. Specified locale `en_US` is not utilized for this provider.
2022-04-19 14:57:39,366 [DEBUG] faker.factory: Looking for locale `en_US` in provider `faker.providers.ssn`.
2022-04-19 14:57:39,368 [DEBUG] faker.factory: Provider `faker.providers.ssn` has been localized to `en_US`.
2022-04-19 14:57:39,368 [DEBUG] faker.factory: Provider `faker.providers.user_agent` does not feature localization. Specified locale `en_US` is not utilized for this provider.
