2022-04-20 02:56:30,115 [INFO] myApp: My App Logger
2022-04-20 02:56:30,119 [INFO] myApp: My App Logger
2022-04-20 02:56:30,486 [INFO] myApp: My App Logger
2022-04-20 02:56:30,792 [INFO] myApp: My App Logger
2022-04-20 02:56:30,795 [INFO] myApp: My App Logger
2022-04-20 02:56:31,314 [INFO] myApp: My App Logger
2022-04-20 02:56:31,653 [INFO] myApp: My App Logger
2022-04-20 02:56:31,656 [INFO] myApp: My App Logger
2022-04-20 02:56:32,092 [INFO] myApp: My App Logger
2022-04-20 02:56:32,445 [INFO] myApp: My App Logger
2022-04-20 02:56:32,448 [INFO] myApp: My App Logger
2022-04-20 02:56:33,126 [INFO] myApp: My App Logger
2022-04-20 02:56:33,413 [INFO] myApp: My App Logger
2022-04-20 02:56:33,417 [INFO] myApp: My App Logger
2022-04-20 02:56:33,778 [INFO] myApp: My App Logger
2022-04-20 02:56:34,101 [INFO] myApp: My App Logger
2022-04-20 02:56:34,105 [INFO] myApp: My App Logger
2022-04-20 02:56:34,639 [INFO] myApp: My App Logger
2022-04-20 02:56:35,209 [INFO] myApp: MyTitle
2022-04-20 02:56:35,209 [INFO] myApp: Terrible Song
2022-04-20 03:01:44,041 [INFO] myApp: My App Logger
2022-04-20 03:01:44,044 [INFO] myApp: My App Logger
2022-04-20 03:01:44,584 [INFO] myApp: My App Logger
2022-04-20 03:01:44,888 [INFO] myApp: My App Logger
2022-04-20 03:01:44,891 [INFO] myApp: My App Logger
2022-04-20 03:01:44,896 [INFO] myApp: My App Logger
2022-04-20 03:01:44,901 [INFO] myApp: My App Logger
2022-04-20 03:01:45,474 [INFO] myApp: My App Logger
2022-04-20 03:01:45,483 [INFO] myApp: My App Logger
2022-04-20 03:01:45,522 [INFO] myApp: My App Logger
2022-04-20 03:01:47,011 [INFO] myApp: My App Logger
2022-04-20 03:01:47,014 [INFO] myApp: My App Logger
2022-04-20 03:01:47,534 [INFO] myApp: My App Logger
2022-04-20 03:01:47,800 [INFO] myApp: My App Logger
2022-04-20 03:01:47,803 [INFO] myApp: My App Logger
2022-04-20 03:01:48,392 [INFO] myApp: My App Logger
2022-04-20 03:01:48,695 [INFO] myApp: My App Logger
2022-04-20 03:01:48,698 [INFO] myApp: My App Logger
2022-04-20 03:01:49,208 [INFO] myApp: My App Logger
2022-04-20 03:01:49,452 [INFO] myApp: My App Logger
2022-04-20 03:01:49,455 [INFO] myApp: My App Logger
2022-04-20 03:01:50,102 [INFO] myApp: My App Logger
2022-04-20 03:01:50,398 [INFO] myApp: My App Logger
2022-04-20 03:01:50,400 [INFO] myApp: My App Logger
2022-04-20 03:01:50,934 [INFO] myApp: My App Logger
2022-04-20 03:01:51,209 [INFO] myApp: My App Logger
2022-04-20 03:01:51,212 [INFO] myApp: My App Logger
2022-04-20 03:01:51,864 [INFO] myApp: My App Logger
2022-04-20 03:01:52,132 [INFO] myApp: My App Logger
2022-04-20 03:01:52,135 [INFO] myApp: My App Logger
2022-04-20 03:01:52,699 [INFO] myApp: My App Logger
2022-04-20 03:01:52,976 [INFO] myApp: My App Logger
2022-04-20 03:01:52,979 [INFO] myApp: My App Logger
2022-04-20 03:01:53,484 [INFO] myApp: My App Logger
2022-04-20 03:01:54,000 [INFO] myApp: MyTitle
2022-04-20 03:01:54,001 [INFO] myApp: Terrible Song
2022-04-20 03:02:32,283 [INFO] myApp: My App Logger
2022-04-20 03:02:32,285 [INFO] myApp: My App Logger
2022-04-20 03:02:32,785 [INFO] myApp: My App Logger
2022-04-20 03:02:33,159 [INFO] myApp: My App Logger
2022-04-20 03:02:33,162 [INFO] myApp: My App Logger
2022-04-20 03:02:33,168 [INFO] myApp: My App Logger
2022-04-20 03:02:33,175 [INFO] myApp: My App Logger
2022-04-20 03:02:33,767 [INFO] myApp: My App Logger
2022-04-20 03:02:33,771 [INFO] myApp: My App Logger
2022-04-20 03:02:33,805 [INFO] myApp: My App Logger
2022-04-20 03:02:34,805 [INFO] myApp: My App Logger
2022-04-20 03:02:34,808 [INFO] myApp: My App Logger
2022-04-20 03:02:35,324 [INFO] myApp: My App Logger
2022-04-20 03:02:35,602 [INFO] myApp: My App Logger
2022-04-20 03:02:35,605 [INFO] myApp: My App Logger
2022-04-20 03:02:36,083 [INFO] myApp: My App Logger
2022-04-20 03:02:36,325 [INFO] myApp: My App Logger
2022-04-20 03:02:36,328 [INFO] myApp: My App Logger
2022-04-20 03:02:36,780 [INFO] myApp: My App Logger
2022-04-20 03:02:37,046 [INFO] myApp: My App Logger
2022-04-20 03:02:37,048 [INFO] myApp: My App Logger
2022-04-20 03:02:37,413 [INFO] myApp: My App Logger
2022-04-20 03:02:37,669 [INFO] myApp: My App Logger
2022-04-20 03:02:37,672 [INFO] myApp: My App Logger
2022-04-20 03:02:38,183 [INFO] myApp: My App Logger
2022-04-20 03:02:38,447 [INFO] myApp: My App Logger
2022-04-20 03:02:38,449 [INFO] myApp: My App Logger
2022-04-20 03:02:38,777 [INFO] myApp: My App Logger
2022-04-20 03:02:39,046 [INFO] myApp: My App Logger
2022-04-20 03:02:39,048 [INFO] myApp: My App Logger
2022-04-20 03:02:39,563 [INFO] myApp: My App Logger
2022-04-20 03:02:39,811 [INFO] myApp: My App Logger
2022-04-20 03:02:39,813 [INFO] myApp: My App Logger
2022-04-20 03:02:40,171 [INFO] myApp: My App Logger
2022-04-20 03:02:40,656 [INFO] myApp: MyTitle
2022-04-20 03:02:40,657 [INFO] myApp: Terrible Song
2022-04-20 03:02:46,824 [INFO] myApp: My App Logger
2022-04-20 03:02:46,827 [INFO] myApp: My App Logger
2022-04-20 03:02:47,396 [INFO] myApp: My App Logger
2022-04-20 03:02:50,545 [INFO] myApp: My App Logger
2022-04-20 03:02:50,612 [INFO] myApp: My App Logger
2022-04-20 03:02:51,608 [INFO] myApp: My App Logger
2022-04-20 03:02:51,667 [INFO] myApp: My App Logger
2022-04-20 03:02:52,602 [INFO] myApp: My App Logger
2022-04-20 03:02:52,653 [INFO] myApp: My App Logger
2022-04-20 03:02:53,706 [INFO] myApp: My App Logger
2022-04-20 03:02:53,774 [INFO] myApp: My App Logger
2022-04-20 03:02:59,188 [INFO] myApp: My App Logger
2022-04-20 03:02:59,230 [INFO] myApp: My App Logger
2022-04-20 03:03:01,468 [INFO] myApp: My App Logger
2022-04-20 03:03:01,493 [INFO] myApp: My App Logger
2022-04-20 03:04:07,778 [INFO] myApp: My App Logger
2022-04-20 03:04:07,781 [INFO] myApp: My App Logger
2022-04-20 03:04:08,126 [INFO] myApp: My App Logger
2022-04-20 03:04:08,397 [INFO] myApp: My App Logger
2022-04-20 03:04:08,400 [INFO] myApp: My App Logger
2022-04-20 03:04:08,405 [INFO] myApp: My App Logger
2022-04-20 03:04:08,413 [INFO] myApp: My App Logger
2022-04-20 03:04:08,942 [INFO] myApp: My App Logger
2022-04-20 03:04:08,948 [INFO] myApp: My App Logger
2022-04-20 03:04:08,986 [INFO] myApp: My App Logger
2022-04-20 03:04:10,093 [INFO] myApp: My App Logger
2022-04-20 03:04:10,097 [INFO] myApp: My App Logger
2022-04-20 03:04:10,561 [INFO] myApp: My App Logger
2022-04-20 03:04:10,899 [INFO] myApp: My App Logger
2022-04-20 03:04:10,904 [INFO] myApp: My App Logger
2022-04-20 03:04:11,385 [INFO] myApp: My App Logger
2022-04-20 03:04:11,632 [INFO] myApp: My App Logger
2022-04-20 03:04:11,634 [INFO] myApp: My App Logger
2022-04-20 03:04:11,980 [INFO] myApp: My App Logger
2022-04-20 03:04:12,337 [INFO] myApp: My App Logger
2022-04-20 03:04:12,341 [INFO] myApp: My App Logger
2022-04-20 03:04:12,814 [INFO] myApp: My App Logger
2022-04-20 03:04:13,074 [INFO] myApp: My App Logger
2022-04-20 03:04:13,077 [INFO] myApp: My App Logger
2022-04-20 03:04:13,434 [INFO] myApp: My App Logger
2022-04-20 03:04:13,682 [INFO] myApp: My App Logger
2022-04-20 03:04:13,685 [INFO] myApp: My App Logger
2022-04-20 03:04:14,221 [INFO] myApp: My App Logger
2022-04-20 03:04:14,543 [INFO] myApp: My App Logger
2022-04-20 03:04:14,545 [INFO] myApp: My App Logger
2022-04-20 03:04:15,014 [INFO] myApp: My App Logger
2022-04-20 03:04:15,284 [INFO] myApp: My App Logger
2022-04-20 03:04:15,286 [INFO] myApp: My App Logger
2022-04-20 03:04:15,756 [INFO] myApp: My App Logger
2022-04-20 03:04:16,291 [INFO] myApp: MyTitle
2022-04-20 03:04:16,291 [INFO] myApp: Terrible Song
2022-04-20 03:04:23,075 [INFO] myApp: My App Logger
2022-04-20 03:04:23,078 [INFO] myApp: My App Logger
2022-04-20 03:04:23,636 [INFO] myApp: My App Logger
2022-04-20 03:04:26,911 [INFO] myApp: My App Logger
2022-04-20 03:04:26,970 [INFO] myApp: My App Logger
2022-04-20 03:04:27,586 [INFO] myApp: My App Logger
2022-04-20 03:04:27,633 [INFO] myApp: My App Logger
2022-04-20 03:04:28,225 [INFO] myApp: My App Logger
2022-04-20 03:04:28,265 [INFO] myApp: My App Logger
2022-04-20 03:04:29,170 [INFO] myApp: My App Logger
2022-04-20 03:04:29,226 [INFO] myApp: My App Logger
2022-04-20 03:04:29,887 [INFO] myApp: My App Logger
2022-04-20 03:04:29,941 [INFO] myApp: My App Logger
2022-04-20 03:15:17,218 [INFO] myApp: My App Logger
2022-04-20 03:15:17,220 [INFO] myApp: My App Logger
2022-04-20 03:15:17,615 [INFO] myApp: My App Logger
2022-04-20 03:15:17,917 [INFO] myApp: My App Logger
2022-04-20 03:15:17,920 [INFO] myApp: My App Logger
2022-04-20 03:15:17,925 [INFO] myApp: My App Logger
2022-04-20 03:15:17,931 [INFO] myApp: My App Logger
2022-04-20 03:15:18,414 [INFO] myApp: My App Logger
2022-04-20 03:15:18,420 [INFO] myApp: My App Logger
2022-04-20 03:15:18,464 [INFO] myApp: My App Logger
2022-04-20 03:15:19,525 [INFO] myApp: My App Logger
2022-04-20 03:15:19,527 [INFO] myApp: My App Logger
2022-04-20 03:15:20,049 [INFO] myApp: My App Logger
2022-04-20 03:15:20,367 [INFO] myApp: My App Logger
2022-04-20 03:15:20,370 [INFO] myApp: My App Logger
2022-04-20 03:15:20,809 [INFO] myApp: My App Logger
2022-04-20 03:15:21,040 [INFO] myApp: My App Logger
2022-04-20 03:15:21,042 [INFO] myApp: My App Logger
2022-04-20 03:15:21,807 [INFO] myApp: My App Logger
2022-04-20 03:15:22,094 [INFO] myApp: My App Logger
2022-04-20 03:15:22,096 [INFO] myApp: My App Logger
2022-04-20 03:15:22,441 [INFO] myApp: My App Logger
2022-04-20 03:15:22,748 [INFO] myApp: My App Logger
2022-04-20 03:15:22,751 [INFO] myApp: My App Logger
2022-04-20 03:15:23,277 [INFO] myApp: My App Logger
2022-04-20 03:15:23,560 [INFO] myApp: My App Logger
2022-04-20 03:15:23,562 [INFO] myApp: My App Logger
2022-04-20 03:15:24,067 [INFO] myApp: My App Logger
2022-04-20 03:15:24,311 [INFO] myApp: My App Logger
2022-04-20 03:15:24,314 [INFO] myApp: My App Logger
2022-04-20 03:15:24,782 [INFO] myApp: My App Logger
2022-04-20 03:15:25,083 [INFO] myApp: My App Logger
2022-04-20 03:15:25,086 [INFO] myApp: My App Logger
2022-04-20 03:15:25,467 [INFO] myApp: My App Logger
2022-04-20 03:15:26,007 [INFO] myApp: MyTitle
2022-04-20 03:15:26,008 [INFO] myApp: Terrible Song
2022-04-20 18:45:30,829 [INFO] myApp: My App Logger
2022-04-20 18:45:30,914 [INFO] myApp: My App Logger
2022-04-20 18:45:32,168 [INFO] myApp: My App Logger
2022-04-20 18:45:38,414 [INFO] myApp: My App Logger
2022-04-20 18:45:38,450 [INFO] myApp: My App Logger
2022-04-20 21:26:28,278 [INFO] myApp: My App Logger
2022-04-20 21:26:28,282 [INFO] myApp: My App Logger
2022-04-20 21:26:28,791 [INFO] myApp: My App Logger
2022-04-20 21:26:29,775 [INFO] myApp: My App Logger
2022-04-20 23:20:36,953 [INFO] myApp: My App Logger
2022-04-20 23:20:36,956 [INFO] myApp: My App Logger
2022-04-20 23:20:37,282 [INFO] myApp: My App Logger
2022-04-20 23:20:37,789 [INFO] myApp: My App Logger
2022-04-20 23:20:40,747 [INFO] myApp: My App Logger
2022-04-20 23:20:40,769 [INFO] myApp: My App Logger
2022-04-20 23:20:41,749 [INFO] myApp: My App Logger
2022-04-20 23:20:41,769 [INFO] myApp: My App Logger
2022-04-20 23:20:42,647 [INFO] myApp: My App Logger
2022-04-20 23:20:42,673 [INFO] myApp: My App Logger
2022-04-20 23:20:43,334 [INFO] myApp: My App Logger
2022-04-20 23:20:43,355 [INFO] myApp: My App Logger
2022-04-20 23:20:44,660 [INFO] myApp: My App Logger
2022-04-20 23:20:44,668 [INFO] myApp: My App Logger
2022-04-20 23:20:51,579 [INFO] myApp: My App Logger
2022-04-20 23:20:51,587 [INFO] myApp: My App Logger
2022-04-20 23:20:54,057 [INFO] myApp: My App Logger
2022-04-20 23:20:54,069 [INFO] myApp: My App Logger
2022-04-21 14:28:44,550 [INFO] myApp: My App Logger
2022-04-21 14:28:44,642 [INFO] myApp: My App Logger
2022-04-21 14:28:45,279 [INFO] myApp: My App Logger
2022-04-21 14:28:47,205 [INFO] myApp: My App Logger
2022-04-21 14:30:38,463 [INFO] myApp: My App Logger
2022-04-21 14:30:38,464 [INFO] myApp: My App Logger
2022-04-21 14:30:38,810 [INFO] myApp: My App Logger
2022-04-21 14:30:38,937 [INFO] myApp: My App Logger
2022-04-21 14:30:38,938 [INFO] myApp: My App Logger
2022-04-21 14:30:38,941 [INFO] myApp: My App Logger
2022-04-21 14:30:38,943 [INFO] myApp: My App Logger
2022-04-21 14:30:39,258 [INFO] myApp: My App Logger
2022-04-21 14:30:39,261 [INFO] myApp: My App Logger
2022-04-21 14:30:39,285 [INFO] myApp: My App Logger
2022-04-21 14:30:39,787 [INFO] myApp: My App Logger
2022-04-21 14:30:39,788 [INFO] myApp: My App Logger
2022-04-21 14:30:40,155 [INFO] myApp: My App Logger
2022-04-21 14:30:40,306 [INFO] myApp: My App Logger
2022-04-21 14:30:40,307 [INFO] myApp: My App Logger
2022-04-21 14:30:40,664 [INFO] myApp: My App Logger
2022-04-21 14:30:40,808 [INFO] myApp: My App Logger
2022-04-21 14:30:40,810 [INFO] myApp: My App Logger
2022-04-21 14:30:41,202 [INFO] myApp: My App Logger
2022-04-21 14:30:41,446 [INFO] myApp: My App Logger
2022-04-21 14:30:41,450 [INFO] myApp: My App Logger
2022-04-21 14:30:42,026 [INFO] myApp: My App Logger
2022-04-21 14:30:42,180 [INFO] myApp: My App Logger
2022-04-21 14:30:42,182 [INFO] myApp: My App Logger
2022-04-21 14:30:42,535 [INFO] myApp: My App Logger
2022-04-21 14:30:42,667 [INFO] myApp: My App Logger
2022-04-21 14:30:42,669 [INFO] myApp: My App Logger
2022-04-21 14:30:43,015 [INFO] myApp: My App Logger
2022-04-21 14:30:43,148 [INFO] myApp: My App Logger
2022-04-21 14:30:43,149 [INFO] myApp: My App Logger
2022-04-21 14:30:43,469 [INFO] myApp: My App Logger
2022-04-21 14:30:43,614 [INFO] myApp: My App Logger
2022-04-21 14:30:43,615 [INFO] myApp: My App Logger
2022-04-21 14:30:44,046 [INFO] myApp: My App Logger
2022-04-21 14:30:44,378 [INFO] myApp: MyTitle
2022-04-21 14:30:44,379 [INFO] myApp: Terrible Song
2022-04-21 14:31:42,477 [INFO] myApp: My App Logger
2022-04-21 14:31:42,478 [INFO] myApp: My App Logger
2022-04-21 14:31:42,717 [INFO] myApp: My App Logger
2022-04-21 14:31:43,423 [INFO] myApp: My App Logger
2022-04-21 14:31:43,442 [INFO] myApp: My App Logger
2022-04-21 14:38:41,560 [INFO] myApp: My App Logger
2022-04-21 14:38:41,561 [INFO] myApp: My App Logger
2022-04-21 14:38:41,869 [INFO] myApp: My App Logger
2022-04-21 14:38:41,984 [INFO] myApp: My App Logger
2022-04-21 14:38:41,985 [INFO] myApp: My App Logger
2022-04-21 14:38:41,987 [INFO] myApp: My App Logger
2022-04-21 14:38:41,991 [INFO] myApp: My App Logger
2022-04-21 14:38:42,298 [INFO] myApp: My App Logger
2022-04-21 14:38:42,301 [INFO] myApp: My App Logger
2022-04-21 14:38:42,322 [INFO] myApp: My App Logger
2022-04-21 14:38:42,782 [INFO] myApp: My App Logger
2022-04-21 14:38:42,783 [INFO] myApp: My App Logger
2022-04-21 14:38:43,064 [INFO] myApp: My App Logger
2022-04-21 14:38:43,177 [INFO] myApp: My App Logger
2022-04-21 14:38:43,178 [INFO] myApp: My App Logger
2022-04-21 14:38:43,467 [INFO] myApp: My App Logger
2022-04-21 14:38:43,586 [INFO] myApp: My App Logger
2022-04-21 14:38:43,587 [INFO] myApp: My App Logger
2022-04-21 14:38:43,874 [INFO] myApp: My App Logger
2022-04-21 14:38:43,996 [INFO] myApp: My App Logger
2022-04-21 14:38:43,997 [INFO] myApp: My App Logger
2022-04-21 14:38:44,284 [INFO] myApp: My App Logger
2022-04-21 14:38:44,401 [INFO] myApp: My App Logger
2022-04-21 14:38:44,403 [INFO] myApp: My App Logger
2022-04-21 14:38:44,707 [INFO] myApp: My App Logger
2022-04-21 14:38:44,843 [INFO] myApp: My App Logger
2022-04-21 14:38:44,844 [INFO] myApp: My App Logger
2022-04-21 14:38:45,138 [INFO] myApp: My App Logger
2022-04-21 14:38:45,260 [INFO] myApp: My App Logger
2022-04-21 14:38:45,261 [INFO] myApp: My App Logger
2022-04-21 14:38:45,556 [INFO] myApp: My App Logger
2022-04-21 14:38:45,675 [INFO] myApp: My App Logger
2022-04-21 14:38:45,677 [INFO] myApp: My App Logger
2022-04-21 14:38:45,986 [INFO] myApp: My App Logger
2022-04-21 14:38:46,198 [INFO] myApp: MyTitle
2022-04-21 14:38:46,198 [INFO] myApp: Terrible Song
2022-04-21 14:39:42,048 [INFO] myApp: My App Logger
2022-04-21 14:39:42,049 [INFO] myApp: My App Logger
2022-04-21 14:39:42,230 [INFO] myApp: My App Logger
2022-04-21 14:39:42,333 [INFO] myApp: My App Logger
2022-04-21 14:39:42,334 [INFO] myApp: My App Logger
2022-04-21 14:39:42,335 [INFO] myApp: My App Logger
2022-04-21 14:39:42,337 [INFO] myApp: My App Logger
2022-04-21 14:39:42,514 [INFO] myApp: My App Logger
2022-04-21 14:39:42,517 [INFO] myApp: My App Logger
2022-04-21 14:39:42,534 [INFO] myApp: My App Logger
2022-04-21 14:39:43,141 [INFO] myApp: My App Logger
2022-04-21 14:39:43,142 [INFO] myApp: My App Logger
2022-04-21 14:39:43,320 [INFO] myApp: My App Logger
2022-04-21 14:39:43,429 [INFO] myApp: My App Logger
2022-04-21 14:39:43,430 [INFO] myApp: My App Logger
2022-04-21 14:39:43,612 [INFO] myApp: My App Logger
2022-04-21 14:39:43,717 [INFO] myApp: My App Logger
2022-04-21 14:39:43,718 [INFO] myApp: My App Logger
2022-04-21 14:39:43,920 [INFO] myApp: My App Logger
2022-04-21 14:39:44,033 [INFO] myApp: My App Logger
2022-04-21 14:39:44,034 [INFO] myApp: My App Logger
2022-04-21 14:39:44,204 [INFO] myApp: My App Logger
2022-04-21 14:39:44,328 [INFO] myApp: My App Logger
2022-04-21 14:39:44,329 [INFO] myApp: My App Logger
2022-04-21 14:39:44,510 [INFO] myApp: My App Logger
2022-04-21 14:39:44,612 [INFO] myApp: My App Logger
2022-04-21 14:39:44,612 [INFO] myApp: My App Logger
2022-04-21 14:39:44,787 [INFO] myApp: My App Logger
2022-04-21 14:39:44,899 [INFO] myApp: My App Logger
2022-04-21 14:39:44,900 [INFO] myApp: My App Logger
2022-04-21 14:39:45,081 [INFO] myApp: My App Logger
2022-04-21 14:39:45,204 [INFO] myApp: My App Logger
2022-04-21 14:39:45,206 [INFO] myApp: My App Logger
2022-04-21 14:39:45,386 [INFO] myApp: My App Logger
2022-04-21 14:39:45,584 [INFO] myApp: MyTitle
2022-04-21 14:39:45,584 [INFO] myApp: Terrible Song
2022-04-21 14:40:50,244 [INFO] myApp: My App Logger
2022-04-21 14:40:50,245 [INFO] myApp: My App Logger
2022-04-21 14:40:50,553 [INFO] myApp: My App Logger
2022-04-21 14:40:50,682 [INFO] myApp: My App Logger
2022-04-21 14:40:50,683 [INFO] myApp: My App Logger
2022-04-21 14:40:50,684 [INFO] myApp: My App Logger
2022-04-21 14:40:50,688 [INFO] myApp: My App Logger
2022-04-21 14:40:51,001 [INFO] myApp: My App Logger
2022-04-21 14:40:51,004 [INFO] myApp: My App Logger
2022-04-21 14:40:51,022 [INFO] myApp: My App Logger
2022-04-21 14:40:51,462 [INFO] myApp: My App Logger
2022-04-21 14:40:51,463 [INFO] myApp: My App Logger
2022-04-21 14:40:51,750 [INFO] myApp: My App Logger
2022-04-21 14:40:51,865 [INFO] myApp: My App Logger
2022-04-21 14:40:51,866 [INFO] myApp: My App Logger
2022-04-21 14:40:52,165 [INFO] myApp: My App Logger
2022-04-21 14:40:52,291 [INFO] myApp: My App Logger
2022-04-21 14:40:52,292 [INFO] myApp: My App Logger
2022-04-21 14:40:52,581 [INFO] myApp: My App Logger
2022-04-21 14:40:52,710 [INFO] myApp: My App Logger
2022-04-21 14:40:52,711 [INFO] myApp: My App Logger
2022-04-21 14:40:53,029 [INFO] myApp: My App Logger
2022-04-21 14:40:53,172 [INFO] myApp: My App Logger
2022-04-21 14:40:53,174 [INFO] myApp: My App Logger
2022-04-21 14:40:53,481 [INFO] myApp: My App Logger
2022-04-21 14:40:53,601 [INFO] myApp: My App Logger
2022-04-21 14:40:53,602 [INFO] myApp: My App Logger
2022-04-21 14:40:53,904 [INFO] myApp: My App Logger
2022-04-21 14:40:54,024 [INFO] myApp: My App Logger
2022-04-21 14:40:54,025 [INFO] myApp: My App Logger
2022-04-21 14:40:54,354 [INFO] myApp: My App Logger
2022-04-21 14:40:54,487 [INFO] myApp: My App Logger
2022-04-21 14:40:54,488 [INFO] myApp: My App Logger
2022-04-21 14:40:54,798 [INFO] myApp: My App Logger
2022-04-21 14:40:55,036 [INFO] myApp: MyTitle
2022-04-21 14:40:55,036 [INFO] myApp: Terrible Song
2022-04-21 14:43:14,941 [INFO] myApp: My App Logger
2022-04-21 14:43:14,943 [INFO] myApp: My App Logger
2022-04-21 14:43:15,250 [INFO] myApp: My App Logger
2022-04-21 14:43:15,361 [INFO] myApp: My App Logger
2022-04-21 14:43:15,362 [INFO] myApp: My App Logger
2022-04-21 14:43:15,363 [INFO] myApp: My App Logger
2022-04-21 14:43:15,366 [INFO] myApp: My App Logger
2022-04-21 14:43:15,657 [INFO] myApp: My App Logger
2022-04-21 14:43:15,660 [INFO] myApp: My App Logger
2022-04-21 14:43:15,680 [INFO] myApp: My App Logger
2022-04-21 14:43:16,146 [INFO] myApp: My App Logger
2022-04-21 14:43:16,148 [INFO] myApp: My App Logger
2022-04-21 14:43:16,467 [INFO] myApp: My App Logger
2022-04-21 14:43:16,582 [INFO] myApp: My App Logger
2022-04-21 14:43:16,583 [INFO] myApp: My App Logger
2022-04-21 14:43:16,871 [INFO] myApp: My App Logger
2022-04-21 14:43:16,994 [INFO] myApp: My App Logger
2022-04-21 14:43:16,995 [INFO] myApp: My App Logger
2022-04-21 14:43:17,276 [INFO] myApp: My App Logger
2022-04-21 14:43:17,397 [INFO] myApp: My App Logger
2022-04-21 14:43:17,398 [INFO] myApp: My App Logger
2022-04-21 14:43:17,672 [INFO] myApp: My App Logger
2022-04-21 14:43:17,795 [INFO] myApp: My App Logger
2022-04-21 14:43:17,796 [INFO] myApp: My App Logger
2022-04-21 14:43:18,103 [INFO] myApp: My App Logger
2022-04-21 14:43:18,229 [INFO] myApp: My App Logger
2022-04-21 14:43:18,230 [INFO] myApp: My App Logger
2022-04-21 14:43:18,542 [INFO] myApp: My App Logger
2022-04-21 14:43:18,668 [INFO] myApp: My App Logger
2022-04-21 14:43:18,670 [INFO] myApp: My App Logger
2022-04-21 14:43:18,960 [INFO] myApp: My App Logger
2022-04-21 14:43:19,112 [INFO] myApp: My App Logger
2022-04-21 14:43:19,114 [INFO] myApp: My App Logger
2022-04-21 14:43:19,417 [INFO] myApp: My App Logger
2022-04-21 14:43:19,635 [INFO] myApp: MyTitle
2022-04-21 14:43:19,635 [INFO] myApp: Terrible Song
2022-04-21 14:44:09,703 [INFO] myApp: My App Logger
2022-04-21 14:44:09,704 [INFO] myApp: My App Logger
2022-04-21 14:44:10,009 [INFO] myApp: My App Logger
2022-04-21 14:44:10,141 [INFO] myApp: My App Logger
2022-04-21 14:44:10,143 [INFO] myApp: My App Logger
2022-04-21 14:44:10,144 [INFO] myApp: My App Logger
2022-04-21 14:44:10,148 [INFO] myApp: My App Logger
2022-04-21 14:44:10,483 [INFO] myApp: My App Logger
2022-04-21 14:44:10,489 [INFO] myApp: My App Logger
2022-04-21 14:44:10,511 [INFO] myApp: My App Logger
2022-04-21 14:44:10,970 [INFO] myApp: My App Logger
2022-04-21 14:44:10,971 [INFO] myApp: My App Logger
2022-04-21 14:44:11,254 [INFO] myApp: My App Logger
2022-04-21 14:44:11,367 [INFO] myApp: My App Logger
2022-04-21 14:44:11,368 [INFO] myApp: My App Logger
2022-04-21 14:44:11,688 [INFO] myApp: My App Logger
2022-04-21 14:44:11,806 [INFO] myApp: My App Logger
2022-04-21 14:44:11,808 [INFO] myApp: My App Logger
2022-04-21 14:44:12,095 [INFO] myApp: My App Logger
2022-04-21 14:44:12,228 [INFO] myApp: My App Logger
2022-04-21 14:44:12,229 [INFO] myApp: My App Logger
2022-04-21 14:44:12,513 [INFO] myApp: My App Logger
2022-04-21 14:44:12,626 [INFO] myApp: My App Logger
2022-04-21 14:44:12,627 [INFO] myApp: My App Logger
2022-04-21 14:44:12,933 [INFO] myApp: My App Logger
2022-04-21 14:44:13,041 [INFO] myApp: My App Logger
2022-04-21 14:44:13,042 [INFO] myApp: My App Logger
2022-04-21 14:44:13,336 [INFO] myApp: My App Logger
2022-04-21 14:44:13,458 [INFO] myApp: My App Logger
2022-04-21 14:44:13,459 [INFO] myApp: My App Logger
2022-04-21 14:44:13,860 [INFO] myApp: My App Logger
2022-04-21 14:44:14,007 [INFO] myApp: My App Logger
2022-04-21 14:44:14,008 [INFO] myApp: My App Logger
2022-04-21 14:44:14,391 [INFO] myApp: My App Logger
2022-04-21 14:44:14,623 [INFO] myApp: MyTitle
2022-04-21 14:44:14,624 [INFO] myApp: Terrible Song
2022-04-21 14:49:30,311 [INFO] myApp: My App Logger
2022-04-21 14:49:30,314 [INFO] myApp: My App Logger
2022-04-21 14:49:30,648 [INFO] myApp: My App Logger
2022-04-21 14:49:30,776 [INFO] myApp: My App Logger
2022-04-21 14:49:30,778 [INFO] myApp: My App Logger
2022-04-21 14:49:30,779 [INFO] myApp: My App Logger
2022-04-21 14:49:30,783 [INFO] myApp: My App Logger
2022-04-21 14:49:31,075 [INFO] myApp: My App Logger
2022-04-21 14:49:31,078 [INFO] myApp: My App Logger
2022-04-21 14:49:31,099 [INFO] myApp: My App Logger
2022-04-21 14:49:31,582 [INFO] myApp: My App Logger
2022-04-21 14:49:31,583 [INFO] myApp: My App Logger
2022-04-21 14:49:31,877 [INFO] myApp: My App Logger
2022-04-21 14:49:31,993 [INFO] myApp: My App Logger
2022-04-21 14:49:31,995 [INFO] myApp: My App Logger
2022-04-21 14:49:32,285 [INFO] myApp: My App Logger
2022-04-21 14:49:32,401 [INFO] myApp: My App Logger
2022-04-21 14:49:32,402 [INFO] myApp: My App Logger
2022-04-21 14:49:32,691 [INFO] myApp: My App Logger
2022-04-21 14:49:32,824 [INFO] myApp: My App Logger
2022-04-21 14:49:32,826 [INFO] myApp: My App Logger
2022-04-21 14:49:33,128 [INFO] myApp: My App Logger
2022-04-21 14:49:33,254 [INFO] myApp: My App Logger
2022-04-21 14:49:33,256 [INFO] myApp: My App Logger
2022-04-21 14:49:33,554 [INFO] myApp: My App Logger
2022-04-21 14:49:33,680 [INFO] myApp: My App Logger
2022-04-21 14:49:33,681 [INFO] myApp: My App Logger
2022-04-21 14:49:33,979 [INFO] myApp: My App Logger
2022-04-21 14:49:34,107 [INFO] myApp: My App Logger
2022-04-21 14:49:34,108 [INFO] myApp: My App Logger
2022-04-21 14:49:34,433 [INFO] myApp: My App Logger
2022-04-21 14:49:34,565 [INFO] myApp: My App Logger
2022-04-21 14:49:34,566 [INFO] myApp: My App Logger
2022-04-21 14:49:34,862 [INFO] myApp: My App Logger
2022-04-21 14:49:35,091 [INFO] myApp: ExampleTitle
2022-04-21 14:49:35,091 [INFO] myApp: Some Random Song
2022-04-21 14:53:16,723 [INFO] myApp: My App Logger
2022-04-21 14:53:16,724 [INFO] myApp: My App Logger
2022-04-21 14:53:16,905 [INFO] myApp: My App Logger
2022-04-21 14:53:17,014 [INFO] myApp: My App Logger
2022-04-21 14:53:17,014 [INFO] myApp: My App Logger
2022-04-21 14:53:17,016 [INFO] myApp: My App Logger
2022-04-21 14:53:17,018 [INFO] myApp: My App Logger
2022-04-21 14:53:17,214 [INFO] myApp: My App Logger
2022-04-21 14:53:17,216 [INFO] myApp: My App Logger
2022-04-21 14:53:17,230 [INFO] myApp: My App Logger
2022-04-21 14:53:17,618 [INFO] myApp: My App Logger
2022-04-21 14:53:17,619 [INFO] myApp: My App Logger
2022-04-21 14:53:17,803 [INFO] myApp: My App Logger
2022-04-21 14:53:17,898 [INFO] myApp: My App Logger
2022-04-21 14:53:17,898 [INFO] myApp: My App Logger
2022-04-21 14:53:18,085 [INFO] myApp: My App Logger
2022-04-21 14:53:18,192 [INFO] myApp: My App Logger
2022-04-21 14:53:18,193 [INFO] myApp: My App Logger
2022-04-21 14:53:18,384 [INFO] myApp: My App Logger
2022-04-21 14:53:18,507 [INFO] myApp: My App Logger
2022-04-21 14:53:18,509 [INFO] myApp: My App Logger
2022-04-21 14:53:18,694 [INFO] myApp: My App Logger
2022-04-21 14:53:18,806 [INFO] myApp: My App Logger
2022-04-21 14:53:18,808 [INFO] myApp: My App Logger
2022-04-21 14:53:19,000 [INFO] myApp: My App Logger
2022-04-21 14:53:19,111 [INFO] myApp: My App Logger
2022-04-21 14:53:19,112 [INFO] myApp: My App Logger
2022-04-21 14:53:19,287 [INFO] myApp: My App Logger
2022-04-21 14:53:19,405 [INFO] myApp: My App Logger
2022-04-21 14:53:19,406 [INFO] myApp: My App Logger
2022-04-21 14:53:19,582 [INFO] myApp: My App Logger
2022-04-21 14:53:19,710 [INFO] myApp: My App Logger
2022-04-21 14:53:19,711 [INFO] myApp: My App Logger
2022-04-21 14:53:19,904 [INFO] myApp: My App Logger
2022-04-21 14:53:20,115 [INFO] myApp: ExampleTitle
2022-04-21 14:53:20,115 [INFO] myApp: Some Random Song
2022-04-21 14:57:25,902 [INFO] myApp: My App Logger
2022-04-21 14:57:25,905 [INFO] myApp: My App Logger
2022-04-21 14:57:26,393 [INFO] myApp: My App Logger
2022-04-21 14:57:26,443 [INFO] myApp: My App Logger
2022-04-21 14:57:26,467 [INFO] myApp: My App Logger
2022-04-21 14:57:26,819 [INFO] myApp: My App Logger
2022-04-21 14:57:29,311 [INFO] myApp: My App Logger
2022-04-21 14:57:29,371 [INFO] myApp: My App Logger
2022-04-21 14:57:31,806 [INFO] myApp: My App Logger
2022-04-21 14:57:31,855 [INFO] myApp: My App Logger
2022-04-21 14:57:54,545 [INFO] myApp: My App Logger
2022-04-21 14:57:54,549 [INFO] myApp: My App Logger
2022-04-21 14:57:55,054 [INFO] myApp: My App Logger
2022-04-21 14:58:42,357 [INFO] myApp: My App Logger
2022-04-21 14:58:42,360 [INFO] myApp: My App Logger
2022-04-21 14:58:42,817 [INFO] myApp: My App Logger
2022-04-21 14:58:43,115 [INFO] myApp: My App Logger
2022-04-21 14:58:43,118 [INFO] myApp: My App Logger
2022-04-21 14:58:43,122 [INFO] myApp: My App Logger
2022-04-21 14:58:43,127 [INFO] myApp: My App Logger
2022-04-21 14:58:43,644 [INFO] myApp: My App Logger
2022-04-21 14:58:43,650 [INFO] myApp: My App Logger
2022-04-21 14:58:43,696 [INFO] myApp: My App Logger
2022-04-21 14:58:44,871 [INFO] myApp: My App Logger
2022-04-21 14:58:44,873 [INFO] myApp: My App Logger
2022-04-21 14:58:45,287 [INFO] myApp: My App Logger
2022-04-21 14:58:45,599 [INFO] myApp: My App Logger
2022-04-21 14:58:45,603 [INFO] myApp: My App Logger
2022-04-21 14:58:46,057 [INFO] myApp: My App Logger
2022-04-21 14:58:46,378 [INFO] myApp: My App Logger
2022-04-21 14:58:46,381 [INFO] myApp: My App Logger
2022-04-21 14:58:46,929 [INFO] myApp: My App Logger
2022-04-21 14:58:47,186 [INFO] myApp: My App Logger
2022-04-21 14:58:47,190 [INFO] myApp: My App Logger
2022-04-21 14:58:47,641 [INFO] myApp: My App Logger
2022-04-21 14:58:47,985 [INFO] myApp: My App Logger
2022-04-21 14:58:47,988 [INFO] myApp: My App Logger
2022-04-21 14:58:48,487 [INFO] myApp: My App Logger
2022-04-21 14:58:48,839 [INFO] myApp: My App Logger
2022-04-21 14:58:48,843 [INFO] myApp: My App Logger
2022-04-21 14:58:49,315 [INFO] myApp: My App Logger
2022-04-21 14:58:49,607 [INFO] myApp: My App Logger
2022-04-21 14:58:49,609 [INFO] myApp: My App Logger
2022-04-21 14:58:50,114 [INFO] myApp: My App Logger
2022-04-21 14:58:50,460 [INFO] myApp: My App Logger
2022-04-21 14:58:50,464 [INFO] myApp: My App Logger
2022-04-21 14:58:50,950 [INFO] myApp: My App Logger
2022-04-21 14:58:51,419 [INFO] myApp: ExampleTitle
2022-04-21 14:58:51,420 [INFO] myApp: Some Random Song
2022-04-21 14:58:59,111 [INFO] myApp: My App Logger
2022-04-21 14:58:59,118 [INFO] myApp: My App Logger
2022-04-21 14:59:25,732 [INFO] myApp: My App Logger
2022-04-21 14:59:25,736 [INFO] myApp: My App Logger
2022-04-21 14:59:26,490 [INFO] myApp: My App Logger
2022-04-21 14:59:26,768 [INFO] myApp: My App Logger
2022-04-21 14:59:26,770 [INFO] myApp: My App Logger
2022-04-21 14:59:26,774 [INFO] myApp: My App Logger
2022-04-21 14:59:26,784 [INFO] myApp: My App Logger
2022-04-21 14:59:27,641 [INFO] myApp: My App Logger
2022-04-21 14:59:27,649 [INFO] myApp: My App Logger
2022-04-21 14:59:27,691 [INFO] myApp: My App Logger
2022-04-21 14:59:28,910 [INFO] myApp: My App Logger
2022-04-21 14:59:28,913 [INFO] myApp: My App Logger
2022-04-21 14:59:29,596 [INFO] myApp: My App Logger
2022-04-21 14:59:29,938 [INFO] myApp: My App Logger
2022-04-21 14:59:29,942 [INFO] myApp: My App Logger
2022-04-21 14:59:30,726 [INFO] myApp: My App Logger
2022-04-21 14:59:31,036 [INFO] myApp: My App Logger
2022-04-21 14:59:31,039 [INFO] myApp: My App Logger
2022-04-21 14:59:31,974 [INFO] myApp: My App Logger
2022-04-21 14:59:32,270 [INFO] myApp: My App Logger
2022-04-21 14:59:32,273 [INFO] myApp: My App Logger
2022-04-21 14:59:32,987 [INFO] myApp: My App Logger
2022-04-21 14:59:33,289 [INFO] myApp: My App Logger
2022-04-21 14:59:33,293 [INFO] myApp: My App Logger
2022-04-21 14:59:34,032 [INFO] myApp: My App Logger
2022-04-21 14:59:34,347 [INFO] myApp: My App Logger
2022-04-21 14:59:34,350 [INFO] myApp: My App Logger
2022-04-21 14:59:35,151 [INFO] myApp: My App Logger
2022-04-21 14:59:35,455 [INFO] myApp: My App Logger
2022-04-21 14:59:35,459 [INFO] myApp: My App Logger
2022-04-21 14:59:36,152 [INFO] myApp: My App Logger
2022-04-21 14:59:36,444 [INFO] myApp: My App Logger
2022-04-21 14:59:36,447 [INFO] myApp: My App Logger
2022-04-21 14:59:37,163 [INFO] myApp: My App Logger
2022-04-21 14:59:37,708 [INFO] myApp: ExampleTitle
2022-04-21 14:59:37,709 [INFO] myApp: Some Random Song
2022-04-21 15:12:11,528 [INFO] myApp: My App Logger
2022-04-21 15:12:11,532 [INFO] myApp: My App Logger
2022-04-21 15:12:11,992 [INFO] myApp: My App Logger
2022-04-21 15:12:31,888 [INFO] myApp: My App Logger
2022-04-21 15:12:32,483 [INFO] myApp: My App Logger
2022-04-21 15:12:32,500 [INFO] myApp: My App Logger
2022-04-21 15:12:32,547 [INFO] myApp: My App Logger
2022-04-21 15:12:36,383 [INFO] myApp: My App Logger
2022-04-21 15:12:36,842 [INFO] myApp: My App Logger
2022-04-21 15:12:36,862 [INFO] myApp: My App Logger
2022-04-21 15:12:36,929 [INFO] myApp: My App Logger
2022-04-21 15:12:40,842 [INFO] myApp: My App Logger
2022-04-21 15:12:40,894 [INFO] myApp: My App Logger
2022-04-21 15:12:41,794 [INFO] myApp: My App Logger
2022-04-21 15:12:42,076 [INFO] myApp: My App Logger
2022-04-21 15:12:42,110 [INFO] myApp: My App Logger
2022-04-21 15:12:45,783 [INFO] myApp: My App Logger
2022-04-21 15:12:45,817 [INFO] myApp: My App Logger
2022-04-21 15:12:45,841 [INFO] myApp: My App Logger
2022-04-21 15:12:45,895 [INFO] myApp: My App Logger
2022-04-21 15:12:45,950 [INFO] myApp: My App Logger
2022-04-21 15:12:47,929 [INFO] myApp: My App Logger
2022-04-21 15:12:48,021 [INFO] myApp: My App Logger
2022-04-21 15:13:11,330 [INFO] myApp: My App Logger
2022-04-21 15:13:11,425 [INFO] myApp: My App Logger
2022-04-21 15:13:11,443 [INFO] myApp: My App Logger
2022-04-21 15:13:11,503 [INFO] myApp: My App Logger
2022-04-21 15:13:11,545 [INFO] myApp: My App Logger
2022-04-21 15:13:13,986 [INFO] myApp: My App Logger
2022-04-21 15:13:14,065 [INFO] myApp: My App Logger
2022-04-21 15:13:53,646 [INFO] myApp: My App Logger
2022-04-21 15:13:53,696 [INFO] myApp: My App Logger
2022-04-21 15:13:55,820 [INFO] myApp: My App Logger
2022-04-21 15:13:55,882 [INFO] myApp: My App Logger
2022-04-21 15:13:55,924 [INFO] myApp: My App Logger
2022-04-21 15:13:57,129 [INFO] myApp: My App Logger
2022-04-21 15:13:57,206 [INFO] myApp: My App Logger
2022-04-21 15:13:58,010 [INFO] myApp: My App Logger
2022-04-21 15:13:58,077 [INFO] myApp: My App Logger
2022-04-21 15:14:01,314 [INFO] myApp: My App Logger
2022-04-21 15:14:01,398 [INFO] myApp: My App Logger
2022-04-21 15:14:03,523 [INFO] myApp: My App Logger
2022-04-21 15:14:03,616 [INFO] myApp: My App Logger
2022-04-21 15:14:07,153 [INFO] myApp: My App Logger
2022-04-21 15:14:07,241 [INFO] myApp: My App Logger
2022-04-21 15:14:07,256 [INFO] myApp: My App Logger
2022-04-21 15:14:07,273 [INFO] myApp: My App Logger
2022-04-21 15:14:36,058 [INFO] myApp: My App Logger
2022-04-21 15:14:36,081 [INFO] myApp: My App Logger
2022-04-21 15:15:16,732 [INFO] myApp: My App Logger
2022-04-21 15:15:17,226 [INFO] myApp: My App Logger
2022-04-21 15:15:17,250 [INFO] myApp: My App Logger
2022-04-21 15:15:17,271 [INFO] myApp: My App Logger
2022-04-21 15:15:22,905 [INFO] myApp: My App Logger
2022-04-21 15:15:23,363 [INFO] myApp: My App Logger
2022-04-21 15:15:23,387 [INFO] myApp: My App Logger
2022-04-21 15:15:23,438 [INFO] myApp: My App Logger
2022-04-21 15:15:25,932 [INFO] myApp: My App Logger
2022-04-21 15:15:25,976 [INFO] myApp: My App Logger
2022-04-21 15:15:28,451 [INFO] myApp: My App Logger
2022-04-21 15:15:28,501 [INFO] myApp: My App Logger
2022-04-21 15:15:30,266 [INFO] myApp: My App Logger
2022-04-21 15:15:30,322 [INFO] myApp: My App Logger
2022-04-21 15:15:33,904 [INFO] myApp: My App Logger
2022-04-21 15:15:33,995 [INFO] myApp: My App Logger
2022-04-21 15:15:34,009 [INFO] myApp: My App Logger
2022-04-21 15:15:34,026 [INFO] myApp: My App Logger
2022-04-21 15:15:39,996 [INFO] myApp: My App Logger
2022-04-21 15:15:40,514 [INFO] myApp: My App Logger
2022-04-21 15:15:40,533 [INFO] myApp: My App Logger
2022-04-21 15:15:40,582 [INFO] myApp: My App Logger
2022-04-21 15:15:42,504 [INFO] myApp: My App Logger
2022-04-21 15:15:42,564 [INFO] myApp: My App Logger
2022-04-21 15:15:42,613 [INFO] myApp: My App Logger
2022-04-21 15:15:45,303 [INFO] myApp: My App Logger
2022-04-21 15:15:45,354 [INFO] myApp: My App Logger
2022-04-21 15:15:46,132 [INFO] myApp: My App Logger
2022-04-21 15:15:46,185 [INFO] myApp: My App Logger
2022-04-21 15:15:47,095 [INFO] myApp: My App Logger
2022-04-21 15:15:47,134 [INFO] myApp: My App Logger
2022-04-21 15:15:48,906 [INFO] myApp: My App Logger
2022-04-21 15:15:48,952 [INFO] myApp: My App Logger
2022-04-21 15:18:01,811 [INFO] myApp: My App Logger
2022-04-21 15:18:01,876 [INFO] myApp: My App Logger
2022-04-21 15:18:01,914 [INFO] myApp: My App Logger
2022-04-21 15:18:03,928 [INFO] myApp: My App Logger
2022-04-21 15:18:04,003 [INFO] myApp: My App Logger
2022-04-21 15:18:04,866 [INFO] myApp: My App Logger
2022-04-21 15:18:04,915 [INFO] myApp: My App Logger
2022-04-21 15:19:03,150 [INFO] myApp: My App Logger
2022-04-21 15:19:03,204 [INFO] myApp: My App Logger
2022-04-21 15:20:19,736 [INFO] myApp: My App Logger
2022-04-21 15:20:19,739 [INFO] myApp: My App Logger
2022-04-21 15:20:20,207 [INFO] myApp: My App Logger
2022-04-21 15:20:20,457 [INFO] myApp: My App Logger
2022-04-21 15:20:20,460 [INFO] myApp: My App Logger
2022-04-21 15:20:20,463 [INFO] myApp: My App Logger
2022-04-21 15:20:20,467 [INFO] myApp: My App Logger
2022-04-21 15:20:20,917 [INFO] myApp: My App Logger
2022-04-21 15:20:20,922 [INFO] myApp: My App Logger
2022-04-21 15:20:20,960 [INFO] myApp: My App Logger
2022-04-21 15:20:22,017 [INFO] myApp: My App Logger
2022-04-21 15:20:22,019 [INFO] myApp: My App Logger
2022-04-21 15:20:22,548 [INFO] myApp: My App Logger
2022-04-21 15:20:22,822 [INFO] myApp: My App Logger
2022-04-21 15:20:22,824 [INFO] myApp: My App Logger
2022-04-21 15:20:23,301 [INFO] myApp: My App Logger
2022-04-21 15:20:23,624 [INFO] myApp: My App Logger
2022-04-21 15:20:23,627 [INFO] myApp: My App Logger
2022-04-21 15:20:24,199 [INFO] myApp: My App Logger
2022-04-21 15:20:24,472 [INFO] myApp: My App Logger
2022-04-21 15:20:24,474 [INFO] myApp: My App Logger
2022-04-21 15:20:24,949 [INFO] myApp: My App Logger
2022-04-21 15:20:25,240 [INFO] myApp: My App Logger
2022-04-21 15:20:25,242 [INFO] myApp: My App Logger
2022-04-21 15:20:25,798 [INFO] myApp: My App Logger
2022-04-21 15:20:26,117 [INFO] myApp: My App Logger
2022-04-21 15:20:26,120 [INFO] myApp: My App Logger
2022-04-21 15:20:26,507 [INFO] myApp: My App Logger
2022-04-21 15:20:26,823 [INFO] myApp: My App Logger
2022-04-21 15:20:26,825 [INFO] myApp: My App Logger
2022-04-21 15:20:27,372 [INFO] myApp: My App Logger
2022-04-21 15:20:27,606 [INFO] myApp: My App Logger
2022-04-21 15:20:27,609 [INFO] myApp: My App Logger
2022-04-21 15:20:28,050 [INFO] myApp: My App Logger
2022-04-21 15:20:28,542 [INFO] myApp: ExampleTitle
2022-04-21 15:20:28,542 [INFO] myApp: Some Random Song
2022-04-21 16:18:41,867 [INFO] myApp: <User 'jtn24@njit.edu'>
2022-04-21 16:19:51,442 [INFO] myApp: <User 'jtn24@njit.edu'>
2022-04-21 16:22:37,406 [INFO] myApp: <User 'jtn24@njit.edu'>
2022-04-21 16:24:11,180 [INFO] myApp: <User 'jtn24@njit.edu'>
