2022-04-20 02:56:29,018 [INFO] sqlalchemy.engine.Engine: BEGIN (implicit)
2022-04-20 02:56:29,020 [INFO] sqlalchemy.engine.Engine: PRAGMA main.table_info("songs")
2022-04-20 02:56:29,021 [INFO] sqlalchemy.engine.Engine: [raw sql] ()
2022-04-20 02:56:29,029 [INFO] sqlalchemy.engine.Engine: PRAGMA main.table_info("users")
2022-04-20 02:56:29,030 [INFO] sqlalchemy.engine.Engine: [raw sql] ()
2022-04-20 02:56:29,034 [INFO] sqlalchemy.engine.Engine: 
DROP TABLE songs
2022-04-20 02:56:29,035 [INFO] sqlalchemy.engine.Engine: [no key 0.00102s] ()
2022-04-20 02:56:29,068 [INFO] sqlalchemy.engine.Engine: 
DROP TABLE users
2022-04-20 02:56:29,069 [INFO] sqlalchemy.engine.Engine: [no key 0.00137s] ()
2022-04-20 02:56:29,101 [INFO] sqlalchemy.engine.Engine: COMMIT
2022-04-20 02:56:29,149 [INFO] sqlalchemy.engine.Engine: BEGIN (implicit)
2022-04-20 02:56:29,150 [INFO] sqlalchemy.engine.Engine: PRAGMA main.table_info("songs")
2022-04-20 02:56:29,151 [INFO] sqlalchemy.engine.Engine: [raw sql] ()
2022-04-20 02:56:29,156 [INFO] sqlalchemy.engine.Engine: PRAGMA temp.table_info("songs")
2022-04-20 02:56:29,157 [INFO] sqlalchemy.engine.Engine: [raw sql] ()
2022-04-20 02:56:29,158 [INFO] sqlalchemy.engine.Engine: PRAGMA main.table_info("users")
2022-04-20 02:56:29,159 [INFO] sqlalchemy.engine.Engine: [raw sql] ()
2022-04-20 02:56:29,160 [INFO] sqlalchemy.engine.Engine: PRAGMA temp.table_info("users")
2022-04-20 02:56:29,160 [INFO] sqlalchemy.engine.Engine: [raw sql] ()
2022-04-20 02:56:29,162 [INFO] sqlalchemy.engine.Engine: 
CREATE TABLE users (
	id INTEGER NOT NULL, 
	email VARCHAR(120) NOT NULL, 
	password VARCHAR(300) NOT NULL, 
	about VARCHAR(300), 
	authenticated BOOLEAN, 
	registered_on DATETIME, 
	is_active BOOLEAN DEFAULT '1' NOT NULL, 
	is_admin BOOLEAN DEFAULT '0' NOT NULL, 
	PRIMARY KEY (id), 
	UNIQUE (email), 
	UNIQUE (password)
)


2022-04-20 02:56:29,163 [INFO] sqlalchemy.engine.Engine: [no key 0.00081s] ()
2022-04-20 02:56:29,196 [INFO] sqlalchemy.engine.Engine: 
CREATE TABLE songs (
	id INTEGER NOT NULL, 
	title VARCHAR(300), 
	artist VARCHAR(300), 
	user_id INTEGER, 
	PRIMARY KEY (id), 
	FOREIGN KEY(user_id) REFERENCES users (id)
)


2022-04-20 02:56:29,197 [INFO] sqlalchemy.engine.Engine: [no key 0.00089s] ()
2022-04-20 02:56:29,227 [INFO] sqlalchemy.engine.Engine: COMMIT
2022-04-20 02:56:29,844 [INFO] sqlalchemy.engine.Engine: BEGIN (implicit)
2022-04-20 02:56:29,845 [INFO] sqlalchemy.engine.Engine: PRAGMA main.table_info("songs")
2022-04-20 02:56:29,846 [INFO] sqlalchemy.engine.Engine: [raw sql] ()
2022-04-20 02:56:29,853 [INFO] sqlalchemy.engine.Engine: PRAGMA main.table_info("users")
2022-04-20 02:56:29,854 [INFO] sqlalchemy.engine.Engine: [raw sql] ()
2022-04-20 02:56:29,859 [INFO] sqlalchemy.engine.Engine: 
DROP TABLE songs
2022-04-20 02:56:29,860 [INFO] sqlalchemy.engine.Engine: [no key 0.00074s] ()
2022-04-20 02:56:29,898 [INFO] sqlalchemy.engine.Engine: 
DROP TABLE users
2022-04-20 02:56:29,898 [INFO] sqlalchemy.engine.Engine: [no key 0.00082s] ()
2022-04-20 02:56:29,936 [INFO] sqlalchemy.engine.Engine: COMMIT
2022-04-20 02:56:29,986 [INFO] sqlalchemy.engine.Engine: BEGIN (implicit)
2022-04-20 02:56:29,987 [INFO] sqlalchemy.engine.Engine: PRAGMA main.table_info("songs")
2022-04-20 02:56:29,987 [INFO] sqlalchemy.engine.Engine: [raw sql] ()
2022-04-20 02:56:29,992 [INFO] sqlalchemy.engine.Engine: PRAGMA temp.table_info("songs")
2022-04-20 02:56:29,993 [INFO] sqlalchemy.engine.Engine: [raw sql] ()
2022-04-20 02:56:29,994 [INFO] sqlalchemy.engine.Engine: PRAGMA main.table_info("users")
2022-04-20 02:56:29,995 [INFO] sqlalchemy.engine.Engine: [raw sql] ()
2022-04-20 02:56:29,996 [INFO] sqlalchemy.engine.Engine: PRAGMA temp.table_info("users")
2022-04-20 02:56:29,996 [INFO] sqlalchemy.engine.Engine: [raw sql] ()
2022-04-20 02:56:29,998 [INFO] sqlalchemy.engine.Engine: 
CREATE TABLE users (
	id INTEGER NOT NULL, 
	email VARCHAR(120) NOT NULL, 
	password VARCHAR(300) NOT NULL, 
	about VARCHAR(300), 
	authenticated BOOLEAN, 
	registered_on DATETIME, 
	is_active BOOLEAN DEFAULT '1' NOT NULL, 
	is_admin BOOLEAN DEFAULT '0' NOT NULL, 
	PRIMARY KEY (id), 
	UNIQUE (email), 
	UNIQUE (password)
)


2022-04-20 02:56:29,999 [INFO] sqlalchemy.engine.Engine: [no key 0.00092s] ()
2022-04-20 02:56:30,039 [INFO] sqlalchemy.engine.Engine: 
CREATE TABLE songs (
	id INTEGER NOT NULL, 
	title VARCHAR(300), 
	artist VARCHAR(300), 
	user_id INTEGER, 
	PRIMARY KEY (id), 
	FOREIGN KEY(user_id) REFERENCES users (id)
)


2022-04-20 02:56:30,040 [INFO] sqlalchemy.engine.Engine: [no key 0.00150s] ()
2022-04-20 02:56:30,077 [INFO] sqlalchemy.engine.Engine: COMMIT
2022-04-20 02:56:30,505 [INFO] sqlalchemy.engine.Engine: BEGIN (implicit)
2022-04-20 02:56:30,506 [INFO] sqlalchemy.engine.Engine: PRAGMA main.table_info("songs")
2022-04-20 02:56:30,506 [INFO] sqlalchemy.engine.Engine: [raw sql] ()
2022-04-20 02:56:30,517 [INFO] sqlalchemy.engine.Engine: PRAGMA main.table_info("users")
2022-04-20 02:56:30,519 [INFO] sqlalchemy.engine.Engine: [raw sql] ()
2022-04-20 02:56:30,524 [INFO] sqlalchemy.engine.Engine: 
DROP TABLE songs
2022-04-20 02:56:30,525 [INFO] sqlalchemy.engine.Engine: [no key 0.00096s] ()
2022-04-20 02:56:30,565 [INFO] sqlalchemy.engine.Engine: 
DROP TABLE users
2022-04-20 02:56:30,566 [INFO] sqlalchemy.engine.Engine: [no key 0.00098s] ()
2022-04-20 02:56:30,613 [INFO] sqlalchemy.engine.Engine: COMMIT
2022-04-20 02:56:30,659 [INFO] sqlalchemy.engine.Engine: BEGIN (implicit)
2022-04-20 02:56:30,660 [INFO] sqlalchemy.engine.Engine: PRAGMA main.table_info("songs")
2022-04-20 02:56:30,661 [INFO] sqlalchemy.engine.Engine: [raw sql] ()
2022-04-20 02:56:30,667 [INFO] sqlalchemy.engine.Engine: PRAGMA temp.table_info("songs")
2022-04-20 02:56:30,669 [INFO] sqlalchemy.engine.Engine: [raw sql] ()
2022-04-20 02:56:30,670 [INFO] sqlalchemy.engine.Engine: PRAGMA main.table_info("users")
2022-04-20 02:56:30,671 [INFO] sqlalchemy.engine.Engine: [raw sql] ()
2022-04-20 02:56:30,672 [INFO] sqlalchemy.engine.Engine: PRAGMA temp.table_info("users")
2022-04-20 02:56:30,673 [INFO] sqlalchemy.engine.Engine: [raw sql] ()
2022-04-20 02:56:30,674 [INFO] sqlalchemy.engine.Engine: 
CREATE TABLE users (
	id INTEGER NOT NULL, 
	email VARCHAR(120) NOT NULL, 
	password VARCHAR(300) NOT NULL, 
	about VARCHAR(300), 
	authenticated BOOLEAN, 
	registered_on DATETIME, 
	is_active BOOLEAN DEFAULT '1' NOT NULL, 
	is_admin BOOLEAN DEFAULT '0' NOT NULL, 
	PRIMARY KEY (id), 
	UNIQUE (email), 
	UNIQUE (password)
)


2022-04-20 02:56:30,675 [INFO] sqlalchemy.engine.Engine: [no key 0.00092s] ()
2022-04-20 02:56:30,717 [INFO] sqlalchemy.engine.Engine: 
CREATE TABLE songs (
	id INTEGER NOT NULL, 
	title VARCHAR(300), 
	artist VARCHAR(300), 
	user_id INTEGER, 
	PRIMARY KEY (id), 
	FOREIGN KEY(user_id) REFERENCES users (id)
)


2022-04-20 02:56:30,718 [INFO] sqlalchemy.engine.Engine: [no key 0.00092s] ()
2022-04-20 02:56:30,755 [INFO] sqlalchemy.engine.Engine: COMMIT
2022-04-20 02:56:31,336 [INFO] sqlalchemy.engine.Engine: BEGIN (implicit)
2022-04-20 02:56:31,338 [INFO] sqlalchemy.engine.Engine: PRAGMA main.table_info("songs")
2022-04-20 02:56:31,339 [INFO] sqlalchemy.engine.Engine: [raw sql] ()
2022-04-20 02:56:31,351 [INFO] sqlalchemy.engine.Engine: PRAGMA main.table_info("users")
2022-04-20 02:56:31,353 [INFO] sqlalchemy.engine.Engine: [raw sql] ()
2022-04-20 02:56:31,360 [INFO] sqlalchemy.engine.Engine: 
DROP TABLE songs
2022-04-20 02:56:31,361 [INFO] sqlalchemy.engine.Engine: [no key 0.00114s] ()
2022-04-20 02:56:31,405 [INFO] sqlalchemy.engine.Engine: 
DROP TABLE users
2022-04-20 02:56:31,407 [INFO] sqlalchemy.engine.Engine: [no key 0.00149s] ()
2022-04-20 02:56:31,458 [INFO] sqlalchemy.engine.Engine: COMMIT
2022-04-20 02:56:31,514 [INFO] sqlalchemy.engine.Engine: BEGIN (implicit)
2022-04-20 02:56:31,516 [INFO] sqlalchemy.engine.Engine: PRAGMA main.table_info("songs")
2022-04-20 02:56:31,517 [INFO] sqlalchemy.engine.Engine: [raw sql] ()
2022-04-20 02:56:31,524 [INFO] sqlalchemy.engine.Engine: PRAGMA temp.table_info("songs")
2022-04-20 02:56:31,525 [INFO] sqlalchemy.engine.Engine: [raw sql] ()
2022-04-20 02:56:31,526 [INFO] sqlalchemy.engine.Engine: PRAGMA main.table_info("users")
2022-04-20 02:56:31,527 [INFO] sqlalchemy.engine.Engine: [raw sql] ()
2022-04-20 02:56:31,529 [INFO] sqlalchemy.engine.Engine: PRAGMA temp.table_info("users")
2022-04-20 02:56:31,530 [INFO] sqlalchemy.engine.Engine: [raw sql] ()
2022-04-20 02:56:31,532 [INFO] sqlalchemy.engine.Engine: 
CREATE TABLE users (
	id INTEGER NOT NULL, 
	email VARCHAR(120) NOT NULL, 
	password VARCHAR(300) NOT NULL, 
	about VARCHAR(300), 
	authenticated BOOLEAN, 
	registered_on DATETIME, 
	is_active BOOLEAN DEFAULT '1' NOT NULL, 
	is_admin BOOLEAN DEFAULT '0' NOT NULL, 
	PRIMARY KEY (id), 
	UNIQUE (email), 
	UNIQUE (password)
)


2022-04-20 02:56:31,533 [INFO] sqlalchemy.engine.Engine: [no key 0.00102s] ()
2022-04-20 02:56:31,581 [INFO] sqlalchemy.engine.Engine: 
CREATE TABLE songs (
	id INTEGER NOT NULL, 
	title VARCHAR(300), 
	artist VARCHAR(300), 
	user_id INTEGER, 
	PRIMARY KEY (id), 
	FOREIGN KEY(user_id) REFERENCES users (id)
)


2022-04-20 02:56:31,582 [INFO] sqlalchemy.engine.Engine: [no key 0.00108s] ()
2022-04-20 02:56:31,617 [INFO] sqlalchemy.engine.Engine: COMMIT
2022-04-20 02:56:32,112 [INFO] sqlalchemy.engine.Engine: BEGIN (implicit)
2022-04-20 02:56:32,113 [INFO] sqlalchemy.engine.Engine: PRAGMA main.table_info("songs")
2022-04-20 02:56:32,114 [INFO] sqlalchemy.engine.Engine: [raw sql] ()
2022-04-20 02:56:32,125 [INFO] sqlalchemy.engine.Engine: PRAGMA main.table_info("users")
2022-04-20 02:56:32,126 [INFO] sqlalchemy.engine.Engine: [raw sql] ()
2022-04-20 02:56:32,133 [INFO] sqlalchemy.engine.Engine: 
DROP TABLE songs
2022-04-20 02:56:32,134 [INFO] sqlalchemy.engine.Engine: [no key 0.00080s] ()
2022-04-20 02:56:32,180 [INFO] sqlalchemy.engine.Engine: 
DROP TABLE users
2022-04-20 02:56:32,181 [INFO] sqlalchemy.engine.Engine: [no key 0.00109s] ()
2022-04-20 02:56:32,237 [INFO] sqlalchemy.engine.Engine: COMMIT
2022-04-20 02:56:32,291 [INFO] sqlalchemy.engine.Engine: BEGIN (implicit)
2022-04-20 02:56:32,292 [INFO] sqlalchemy.engine.Engine: PRAGMA main.table_info("songs")
2022-04-20 02:56:32,293 [INFO] sqlalchemy.engine.Engine: [raw sql] ()
2022-04-20 02:56:32,300 [INFO] sqlalchemy.engine.Engine: PRAGMA temp.table_info("songs")
2022-04-20 02:56:32,301 [INFO] sqlalchemy.engine.Engine: [raw sql] ()
2022-04-20 02:56:32,303 [INFO] sqlalchemy.engine.Engine: PRAGMA main.table_info("users")
2022-04-20 02:56:32,304 [INFO] sqlalchemy.engine.Engine: [raw sql] ()
2022-04-20 02:56:32,306 [INFO] sqlalchemy.engine.Engine: PRAGMA temp.table_info("users")
2022-04-20 02:56:32,307 [INFO] sqlalchemy.engine.Engine: [raw sql] ()
2022-04-20 02:56:32,309 [INFO] sqlalchemy.engine.Engine: 
CREATE TABLE users (
	id INTEGER NOT NULL, 
	email VARCHAR(120) NOT NULL, 
	password VARCHAR(300) NOT NULL, 
	about VARCHAR(300), 
	authenticated BOOLEAN, 
	registered_on DATETIME, 
	is_active BOOLEAN DEFAULT '1' NOT NULL, 
	is_admin BOOLEAN DEFAULT '0' NOT NULL, 
	PRIMARY KEY (id), 
	UNIQUE (email), 
	UNIQUE (password)
)


2022-04-20 02:56:32,310 [INFO] sqlalchemy.engine.Engine: [no key 0.00121s] ()
2022-04-20 02:56:32,359 [INFO] sqlalchemy.engine.Engine: 
CREATE TABLE songs (
	id INTEGER NOT NULL, 
	title VARCHAR(300), 
	artist VARCHAR(300), 
	user_id INTEGER, 
	PRIMARY KEY (id), 
	FOREIGN KEY(user_id) REFERENCES users (id)
)


2022-04-20 02:56:32,360 [INFO] sqlalchemy.engine.Engine: [no key 0.00128s] ()
2022-04-20 02:56:32,400 [INFO] sqlalchemy.engine.Engine: COMMIT
2022-04-20 02:56:33,140 [INFO] sqlalchemy.engine.Engine: BEGIN (implicit)
2022-04-20 02:56:33,141 [INFO] sqlalchemy.engine.Engine: PRAGMA main.table_info("songs")
2022-04-20 02:56:33,142 [INFO] sqlalchemy.engine.Engine: [raw sql] ()
2022-04-20 02:56:33,150 [INFO] sqlalchemy.engine.Engine: PRAGMA main.table_info("users")
2022-04-20 02:56:33,151 [INFO] sqlalchemy.engine.Engine: [raw sql] ()
2022-04-20 02:56:33,155 [INFO] sqlalchemy.engine.Engine: 
DROP TABLE songs
2022-04-20 02:56:33,156 [INFO] sqlalchemy.engine.Engine: [no key 0.00080s] ()
2022-04-20 02:56:33,189 [INFO] sqlalchemy.engine.Engine: 
DROP TABLE users
2022-04-20 02:56:33,190 [INFO] sqlalchemy.engine.Engine: [no key 0.00103s] ()
2022-04-20 02:56:33,231 [INFO] sqlalchemy.engine.Engine: COMMIT
2022-04-20 02:56:33,277 [INFO] sqlalchemy.engine.Engine: BEGIN (implicit)
2022-04-20 02:56:33,278 [INFO] sqlalchemy.engine.Engine: PRAGMA main.table_info("songs")
2022-04-20 02:56:33,279 [INFO] sqlalchemy.engine.Engine: [raw sql] ()
2022-04-20 02:56:33,286 [INFO] sqlalchemy.engine.Engine: PRAGMA temp.table_info("songs")
2022-04-20 02:56:33,287 [INFO] sqlalchemy.engine.Engine: [raw sql] ()
2022-04-20 02:56:33,288 [INFO] sqlalchemy.engine.Engine: PRAGMA main.table_info("users")
2022-04-20 02:56:33,289 [INFO] sqlalchemy.engine.Engine: [raw sql] ()
2022-04-20 02:56:33,290 [INFO] sqlalchemy.engine.Engine: PRAGMA temp.table_info("users")
2022-04-20 02:56:33,291 [INFO] sqlalchemy.engine.Engine: [raw sql] ()
2022-04-20 02:56:33,293 [INFO] sqlalchemy.engine.Engine: 
CREATE TABLE users (
	id INTEGER NOT NULL, 
	email VARCHAR(120) NOT NULL, 
	password VARCHAR(300) NOT NULL, 
	about VARCHAR(300), 
	authenticated BOOLEAN, 
	registered_on DATETIME, 
	is_active BOOLEAN DEFAULT '1' NOT NULL, 
	is_admin BOOLEAN DEFAULT '0' NOT NULL, 
	PRIMARY KEY (id), 
	UNIQUE (email), 
	UNIQUE (password)
)


2022-04-20 02:56:33,294 [INFO] sqlalchemy.engine.Engine: [no key 0.00092s] ()
2022-04-20 02:56:33,337 [INFO] sqlalchemy.engine.Engine: 
CREATE TABLE songs (
	id INTEGER NOT NULL, 
	title VARCHAR(300), 
	artist VARCHAR(300), 
	user_id INTEGER, 
	PRIMARY KEY (id), 
	FOREIGN KEY(user_id) REFERENCES users (id)
)


2022-04-20 02:56:33,338 [INFO] sqlalchemy.engine.Engine: [no key 0.00096s] ()
2022-04-20 02:56:33,373 [INFO] sqlalchemy.engine.Engine: COMMIT
2022-04-20 02:56:33,795 [INFO] sqlalchemy.engine.Engine: BEGIN (implicit)
2022-04-20 02:56:33,796 [INFO] sqlalchemy.engine.Engine: PRAGMA main.table_info("songs")
2022-04-20 02:56:33,797 [INFO] sqlalchemy.engine.Engine: [raw sql] ()
2022-04-20 02:56:33,809 [INFO] sqlalchemy.engine.Engine: PRAGMA main.table_info("users")
2022-04-20 02:56:33,810 [INFO] sqlalchemy.engine.Engine: [raw sql] ()
2022-04-20 02:56:33,816 [INFO] sqlalchemy.engine.Engine: 
DROP TABLE songs
2022-04-20 02:56:33,817 [INFO] sqlalchemy.engine.Engine: [no key 0.00093s] ()
2022-04-20 02:56:33,860 [INFO] sqlalchemy.engine.Engine: 
DROP TABLE users
2022-04-20 02:56:33,861 [INFO] sqlalchemy.engine.Engine: [no key 0.00098s] ()
2022-04-20 02:56:33,907 [INFO] sqlalchemy.engine.Engine: COMMIT
2022-04-20 02:56:33,956 [INFO] sqlalchemy.engine.Engine: BEGIN (implicit)
2022-04-20 02:56:33,957 [INFO] sqlalchemy.engine.Engine: PRAGMA main.table_info("songs")
2022-04-20 02:56:33,958 [INFO] sqlalchemy.engine.Engine: [raw sql] ()
2022-04-20 02:56:33,964 [INFO] sqlalchemy.engine.Engine: PRAGMA temp.table_info("songs")
2022-04-20 02:56:33,965 [INFO] sqlalchemy.engine.Engine: [raw sql] ()
2022-04-20 02:56:33,966 [INFO] sqlalchemy.engine.Engine: PRAGMA main.table_info("users")
2022-04-20 02:56:33,967 [INFO] sqlalchemy.engine.Engine: [raw sql] ()
2022-04-20 02:56:33,970 [INFO] sqlalchemy.engine.Engine: PRAGMA temp.table_info("users")
2022-04-20 02:56:33,971 [INFO] sqlalchemy.engine.Engine: [raw sql] ()
2022-04-20 02:56:33,974 [INFO] sqlalchemy.engine.Engine: 
CREATE TABLE users (
	id INTEGER NOT NULL, 
	email VARCHAR(120) NOT NULL, 
	password VARCHAR(300) NOT NULL, 
	about VARCHAR(300), 
	authenticated BOOLEAN, 
	registered_on DATETIME, 
	is_active BOOLEAN DEFAULT '1' NOT NULL, 
	is_admin BOOLEAN DEFAULT '0' NOT NULL, 
	PRIMARY KEY (id), 
	UNIQUE (email), 
	UNIQUE (password)
)


2022-04-20 02:56:33,975 [INFO] sqlalchemy.engine.Engine: [no key 0.00123s] ()
2022-04-20 02:56:34,022 [INFO] sqlalchemy.engine.Engine: 
CREATE TABLE songs (
	id INTEGER NOT NULL, 
	title VARCHAR(300), 
	artist VARCHAR(300), 
	user_id INTEGER, 
	PRIMARY KEY (id), 
	FOREIGN KEY(user_id) REFERENCES users (id)
)


2022-04-20 02:56:34,023 [INFO] sqlalchemy.engine.Engine: [no key 0.00089s] ()
2022-04-20 02:56:34,063 [INFO] sqlalchemy.engine.Engine: COMMIT
2022-04-20 02:56:34,658 [INFO] sqlalchemy.engine.Engine: BEGIN (implicit)
2022-04-20 02:56:34,659 [INFO] sqlalchemy.engine.Engine: PRAGMA main.table_info("songs")
2022-04-20 02:56:34,660 [INFO] sqlalchemy.engine.Engine: [raw sql] ()
2022-04-20 02:56:34,672 [INFO] sqlalchemy.engine.Engine: PRAGMA main.table_info("users")
2022-04-20 02:56:34,672 [INFO] sqlalchemy.engine.Engine: [raw sql] ()
2022-04-20 02:56:34,678 [INFO] sqlalchemy.engine.Engine: 
DROP TABLE songs
2022-04-20 02:56:34,679 [INFO] sqlalchemy.engine.Engine: [no key 0.00094s] ()
2022-04-20 02:56:34,725 [INFO] sqlalchemy.engine.Engine: 
DROP TABLE users
2022-04-20 02:56:34,726 [INFO] sqlalchemy.engine.Engine: [no key 0.00113s] ()
2022-04-20 02:56:34,779 [INFO] sqlalchemy.engine.Engine: COMMIT
2022-04-20 02:56:34,836 [INFO] sqlalchemy.engine.Engine: BEGIN (implicit)
2022-04-20 02:56:34,837 [INFO] sqlalchemy.engine.Engine: PRAGMA main.table_info("songs")
2022-04-20 02:56:34,838 [INFO] sqlalchemy.engine.Engine: [raw sql] ()
2022-04-20 02:56:34,845 [INFO] sqlalchemy.engine.Engine: PRAGMA temp.table_info("songs")
2022-04-20 02:56:34,846 [INFO] sqlalchemy.engine.Engine: [raw sql] ()
2022-04-20 02:56:34,847 [INFO] sqlalchemy.engine.Engine: PRAGMA main.table_info("users")
2022-04-20 02:56:34,848 [INFO] sqlalchemy.engine.Engine: [raw sql] ()
2022-04-20 02:56:34,850 [INFO] sqlalchemy.engine.Engine: PRAGMA temp.table_info("users")
2022-04-20 02:56:34,851 [INFO] sqlalchemy.engine.Engine: [raw sql] ()
2022-04-20 02:56:34,853 [INFO] sqlalchemy.engine.Engine: 
CREATE TABLE users (
	id INTEGER NOT NULL, 
	email VARCHAR(120) NOT NULL, 
	password VARCHAR(300) NOT NULL, 
	about VARCHAR(300), 
	authenticated BOOLEAN, 
	registered_on DATETIME, 
	is_active BOOLEAN DEFAULT '1' NOT NULL, 
	is_admin BOOLEAN DEFAULT '0' NOT NULL, 
	PRIMARY KEY (id), 
	UNIQUE (email), 
	UNIQUE (password)
)


2022-04-20 02:56:34,855 [INFO] sqlalchemy.engine.Engine: [no key 0.00113s] ()
2022-04-20 02:56:34,900 [INFO] sqlalchemy.engine.Engine: 
CREATE TABLE songs (
	id INTEGER NOT NULL, 
	title VARCHAR(300), 
	artist VARCHAR(300), 
	user_id INTEGER, 
	PRIMARY KEY (id), 
	FOREIGN KEY(user_id) REFERENCES users (id)
)


2022-04-20 02:56:34,901 [INFO] sqlalchemy.engine.Engine: [no key 0.00140s] ()
2022-04-20 02:56:34,939 [INFO] sqlalchemy.engine.Engine: COMMIT
2022-04-20 02:56:34,965 [INFO] sqlalchemy.engine.Engine: BEGIN (implicit)
2022-04-20 02:56:34,972 [INFO] sqlalchemy.engine.Engine: SELECT count(*) AS count_1 
FROM (SELECT users.is_active AS users_is_active, users.id AS users_id, users.email AS users_email, users.password AS users_password, users.about AS users_about, users.authenticated AS users_authenticated, users.registered_on AS users_registered_on, users.is_admin AS users_is_admin 
FROM users) AS anon_1
2022-04-20 02:56:34,973 [INFO] sqlalchemy.engine.Engine: [generated in 0.00097s] ()
2022-04-20 02:56:34,993 [INFO] sqlalchemy.engine.Engine: SELECT count(*) AS count_1 
FROM (SELECT songs.id AS songs_id, songs.title AS songs_title, songs.artist AS songs_artist, songs.user_id AS songs_user_id 
FROM songs) AS anon_1
2022-04-20 02:56:34,994 [INFO] sqlalchemy.engine.Engine: [generated in 0.00131s] ()
2022-04-20 02:56:35,007 [INFO] sqlalchemy.engine.Engine: INSERT INTO users (email, password, about, authenticated, registered_on) VALUES (?, ?, ?, ?, ?)
2022-04-20 02:56:35,009 [INFO] sqlalchemy.engine.Engine: [generated in 0.00208s] ('keith@webizly.com', 'testtest', None, 0, '2022-04-20 02:56:35.003933')
2022-04-20 02:56:35,035 [INFO] sqlalchemy.engine.Engine: COMMIT
2022-04-20 02:56:35,074 [INFO] sqlalchemy.engine.Engine: BEGIN (implicit)
2022-04-20 02:56:35,076 [INFO] sqlalchemy.engine.Engine: SELECT count(*) AS count_1 
FROM (SELECT users.is_active AS users_is_active, users.id AS users_id, users.email AS users_email, users.password AS users_password, users.about AS users_about, users.authenticated AS users_authenticated, users.registered_on AS users_registered_on, users.is_admin AS users_is_admin 
FROM users) AS anon_1
2022-04-20 02:56:35,077 [INFO] sqlalchemy.engine.Engine: [cached since 0.1049s ago] ()
2022-04-20 02:56:35,090 [INFO] sqlalchemy.engine.Engine: SELECT users.is_active AS users_is_active, users.id AS users_id, users.email AS users_email, users.password AS users_password, users.about AS users_about, users.authenticated AS users_authenticated, users.registered_on AS users_registered_on, users.is_admin AS users_is_admin 
FROM users 
WHERE users.email = ?
 LIMIT ? OFFSET ?
2022-04-20 02:56:35,091 [INFO] sqlalchemy.engine.Engine: [generated in 0.00091s] ('keith@webizly.com', 1, 0)
2022-04-20 02:56:35,104 [INFO] sqlalchemy.engine.Engine: SELECT songs.id AS songs_id, songs.title AS songs_title, songs.artist AS songs_artist, songs.user_id AS songs_user_id 
FROM songs 
WHERE ? = songs.user_id
2022-04-20 02:56:35,105 [INFO] sqlalchemy.engine.Engine: [generated in 0.00139s] (1,)
2022-04-20 02:56:35,117 [INFO] sqlalchemy.engine.Engine: INSERT INTO songs (title, artist, user_id) VALUES (?, ?, ?)
2022-04-20 02:56:35,118 [INFO] sqlalchemy.engine.Engine: [generated in 0.00114s] ('MyTitle', 'Joe Joe', 1)
2022-04-20 02:56:35,138 [INFO] sqlalchemy.engine.Engine: INSERT INTO songs (title, artist, user_id) VALUES (?, ?, ?)
2022-04-20 02:56:35,139 [INFO] sqlalchemy.engine.Engine: [cached since 0.0225s ago] ('Terrible Song', 'Joe Joe', 1)
2022-04-20 02:56:35,142 [INFO] sqlalchemy.engine.Engine: COMMIT
2022-04-20 02:56:35,183 [INFO] sqlalchemy.engine.Engine: BEGIN (implicit)
2022-04-20 02:56:35,187 [INFO] sqlalchemy.engine.Engine: SELECT users.is_active AS users_is_active, users.id AS users_id, users.email AS users_email, users.password AS users_password, users.about AS users_about, users.authenticated AS users_authenticated, users.registered_on AS users_registered_on, users.is_admin AS users_is_admin 
FROM users 
WHERE users.id = ?
2022-04-20 02:56:35,188 [INFO] sqlalchemy.engine.Engine: [generated in 0.00117s] (1,)
2022-04-20 02:56:35,202 [INFO] sqlalchemy.engine.Engine: SELECT songs.id AS songs_id, songs.title AS songs_title, songs.artist AS songs_artist, songs.user_id AS songs_user_id 
FROM songs 
WHERE ? = songs.user_id
2022-04-20 02:56:35,202 [INFO] sqlalchemy.engine.Engine: [cached since 0.09856s ago] (1,)
2022-04-20 02:56:35,211 [INFO] sqlalchemy.engine.Engine: SELECT count(*) AS count_1 
FROM (SELECT songs.id AS songs_id, songs.title AS songs_title, songs.artist AS songs_artist, songs.user_id AS songs_user_id 
FROM songs) AS anon_1
2022-04-20 02:56:35,212 [INFO] sqlalchemy.engine.Engine: [cached since 0.2188s ago] ()
2022-04-20 02:56:35,219 [INFO] sqlalchemy.engine.Engine: SELECT songs.id AS songs_id, songs.title AS songs_title, songs.artist AS songs_artist, songs.user_id AS songs_user_id 
FROM songs 
WHERE songs.title = ?
 LIMIT ? OFFSET ?
2022-04-20 02:56:35,220 [INFO] sqlalchemy.engine.Engine: [generated in 0.00103s] ('MyTitle', 1, 0)
2022-04-20 02:56:35,229 [INFO] sqlalchemy.engine.Engine: UPDATE songs SET title=? WHERE songs.id = ?
2022-04-20 02:56:35,230 [INFO] sqlalchemy.engine.Engine: [generated in 0.00096s] ('spam', 1)
2022-04-20 02:56:35,248 [INFO] sqlalchemy.engine.Engine: COMMIT
2022-04-20 02:56:35,289 [INFO] sqlalchemy.engine.Engine: BEGIN (implicit)
2022-04-20 02:56:35,291 [INFO] sqlalchemy.engine.Engine: SELECT songs.id AS songs_id, songs.title AS songs_title, songs.artist AS songs_artist, songs.user_id AS songs_user_id 
FROM songs 
WHERE songs.title = ?
 LIMIT ? OFFSET ?
2022-04-20 02:56:35,292 [INFO] sqlalchemy.engine.Engine: [cached since 0.07268s ago] ('spam', 1, 0)
2022-04-20 02:56:35,306 [INFO] sqlalchemy.engine.Engine: SELECT users.is_active AS users_is_active, users.id AS users_id, users.email AS users_email, users.password AS users_password, users.about AS users_about, users.authenticated AS users_authenticated, users.registered_on AS users_registered_on, users.is_admin AS users_is_admin 
FROM users 
WHERE users.id = ?
2022-04-20 02:56:35,307 [INFO] sqlalchemy.engine.Engine: [cached since 0.1203s ago] (1,)
2022-04-20 02:56:35,316 [INFO] sqlalchemy.engine.Engine: SELECT songs.id AS songs_id, songs.title AS songs_title, songs.artist AS songs_artist, songs.user_id AS songs_user_id 
FROM songs 
WHERE ? = songs.user_id
2022-04-20 02:56:35,317 [INFO] sqlalchemy.engine.Engine: [cached since 0.2133s ago] (1,)
2022-04-20 02:56:35,328 [INFO] sqlalchemy.engine.Engine: DELETE FROM songs WHERE songs.id = ?
2022-04-20 02:56:35,329 [INFO] sqlalchemy.engine.Engine: [generated in 0.00104s] ((1,), (2,))
2022-04-20 02:56:35,346 [INFO] sqlalchemy.engine.Engine: DELETE FROM users WHERE users.id = ?
2022-04-20 02:56:35,347 [INFO] sqlalchemy.engine.Engine: [generated in 0.00064s] (1,)
2022-04-20 02:56:35,354 [INFO] sqlalchemy.engine.Engine: SELECT count(*) AS count_1 
FROM (SELECT users.is_active AS users_is_active, users.id AS users_id, users.email AS users_email, users.password AS users_password, users.about AS users_about, users.authenticated AS users_authenticated, users.registered_on AS users_registered_on, users.is_admin AS users_is_admin 
FROM users) AS anon_1
2022-04-20 02:56:35,354 [INFO] sqlalchemy.engine.Engine: [cached since 0.3824s ago] ()
2022-04-20 02:56:35,356 [INFO] sqlalchemy.engine.Engine: SELECT count(*) AS count_1 
FROM (SELECT songs.id AS songs_id, songs.title AS songs_title, songs.artist AS songs_artist, songs.user_id AS songs_user_id 
FROM songs) AS anon_1
2022-04-20 02:56:35,357 [INFO] sqlalchemy.engine.Engine: [cached since 0.3637s ago] ()
2022-04-20 02:56:35,358 [INFO] sqlalchemy.engine.Engine: ROLLBACK
2022-04-20 02:56:35,383 [INFO] sqlalchemy.engine.Engine: BEGIN (implicit)
2022-04-20 02:56:35,384 [INFO] sqlalchemy.engine.Engine: PRAGMA main.table_info("songs")
2022-04-20 02:56:35,385 [INFO] sqlalchemy.engine.Engine: [raw sql] ()
2022-04-20 02:56:35,393 [INFO] sqlalchemy.engine.Engine: PRAGMA main.table_info("users")
2022-04-20 02:56:35,394 [INFO] sqlalchemy.engine.Engine: [raw sql] ()
2022-04-20 02:56:35,399 [INFO] sqlalchemy.engine.Engine: 
DROP TABLE songs
2022-04-20 02:56:35,400 [INFO] sqlalchemy.engine.Engine: [no key 0.00103s] ()
2022-04-20 02:56:35,437 [INFO] sqlalchemy.engine.Engine: 
DROP TABLE users
2022-04-20 02:56:35,438 [INFO] sqlalchemy.engine.Engine: [no key 0.00122s] ()
2022-04-20 02:56:35,484 [INFO] sqlalchemy.engine.Engine: COMMIT
